2016-06-13 10:20:43.042 [main] INFO  startApp.Start - Starting Start on 周涛-PC with PID 7960 (started by 周涛 in D:\SpringBoot ——helloword)
2016-06-13 10:20:43.046 [main] INFO  startApp.Start - The following profiles are active: @profileActive@
2016-06-13 10:20:43.095 [main] INFO  o.s.b.c.e.AnnotationConfigEmbeddedWebApplicationContext - Refreshing org.springframework.boot.context.embedded.AnnotationConfigEmbeddedWebApplicationContext@ea6137: startup date [Mon Jun 13 10:20:43 CST 2016]; root of context hierarchy
2016-06-13 10:20:43.122 [pool-1-thread-1] INFO  org.hibernate.validator.internal.util.Version - HV000001: Hibernate Validator 5.2.2.Final
2016-06-13 10:20:43.959 [main] INFO  o.s.b.factory.support.DefaultListableBeanFactory - Overriding bean definition for bean 'beanNameViewResolver' with a different definition: replacing [Root bean: class [null]; scope=; abstract=false; lazyInit=false; autowireMode=3; dependencyCheck=0; autowireCandidate=true; primary=false; factoryBeanName=org.springframework.boot.autoconfigure.web.ErrorMvcAutoConfiguration$WhitelabelErrorViewConfiguration; factoryMethodName=beanNameViewResolver; initMethodName=null; destroyMethodName=(inferred); defined in class path resource [org/springframework/boot/autoconfigure/web/ErrorMvcAutoConfiguration$WhitelabelErrorViewConfiguration.class]] with [Root bean: class [null]; scope=; abstract=false; lazyInit=false; autowireMode=3; dependencyCheck=0; autowireCandidate=true; primary=false; factoryBeanName=org.springframework.boot.autoconfigure.web.WebMvcAutoConfiguration$WebMvcAutoConfigurationAdapter; factoryMethodName=beanNameViewResolver; initMethodName=null; destroyMethodName=(inferred); defined in class path resource [org/springframework/boot/autoconfigure/web/WebMvcAutoConfiguration$WebMvcAutoConfigurationAdapter.class]]
2016-06-13 10:20:44.422 [main] INFO  o.s.c.s.PostProcessorRegistrationDelegate$BeanPostProcessorChecker - Bean 'org.springframework.transaction.annotation.ProxyTransactionManagementConfiguration' of type [class org.springframework.transaction.annotation.ProxyTransactionManagementConfiguration$$EnhancerBySpringCGLIB$$1c023db6] is not eligible for getting processed by all BeanPostProcessors (for example: not eligible for auto-proxying)
2016-06-13 10:20:45.016 [main] INFO  o.s.b.c.e.tomcat.TomcatEmbeddedServletContainer - Tomcat initialized with port(s): 8080 (http)
2016-06-13 10:20:45.031 [main] INFO  org.apache.catalina.core.StandardService - Starting service Tomcat
2016-06-13 10:20:45.032 [main] INFO  org.apache.catalina.core.StandardEngine - Starting Servlet Engine: Apache Tomcat/8.0.28
2016-06-13 10:20:45.144 [localhost-startStop-1] INFO  o.a.c.core.ContainerBase.[Tomcat].[localhost].[/] - Initializing Spring embedded WebApplicationContext
2016-06-13 10:20:45.144 [localhost-startStop-1] INFO  org.springframework.web.context.ContextLoader - Root WebApplicationContext: initialization completed in 2049 ms
2016-06-13 10:20:45.427 [localhost-startStop-1] INFO  o.s.boot.context.embedded.ServletRegistrationBean - Mapping servlet: 'dispatcherServlet' to [/]
2016-06-13 10:20:45.431 [localhost-startStop-1] INFO  o.s.boot.context.embedded.FilterRegistrationBean - Mapping filter: 'characterEncodingFilter' to: [/*]
2016-06-13 10:20:45.431 [localhost-startStop-1] INFO  o.s.boot.context.embedded.FilterRegistrationBean - Mapping filter: 'hiddenHttpMethodFilter' to: [/*]
2016-06-13 10:20:45.431 [localhost-startStop-1] INFO  o.s.boot.context.embedded.FilterRegistrationBean - Mapping filter: 'httpPutFormContentFilter' to: [/*]
2016-06-13 10:20:45.431 [localhost-startStop-1] INFO  o.s.boot.context.embedded.FilterRegistrationBean - Mapping filter: 'requestContextFilter' to: [/*]
2016-06-13 10:20:45.700 [main] INFO  o.s.orm.jpa.LocalContainerEntityManagerFactoryBean - Building JPA container EntityManagerFactory for persistence unit 'default'
2016-06-13 10:20:45.708 [main] INFO  org.hibernate.jpa.internal.util.LogHelper - HHH000204: Processing PersistenceUnitInfo [
	name: default
	...]
2016-06-13 10:20:45.780 [main] INFO  org.hibernate.Version - HHH000412: Hibernate Core {4.3.11.Final}
2016-06-13 10:20:45.781 [main] INFO  org.hibernate.cfg.Environment - HHH000206: hibernate.properties not found
2016-06-13 10:20:45.783 [main] INFO  org.hibernate.cfg.Environment - HHH000021: Bytecode provider name : javassist
2016-06-13 10:20:45.936 [main] INFO  org.hibernate.annotations.common.Version - HCANN000001: Hibernate Commons Annotations {4.0.5.Final}
2016-06-13 10:20:47.229 [main] INFO  org.hibernate.dialect.Dialect - HHH000400: Using dialect: org.hibernate.dialect.MySQL5Dialect
2016-06-13 10:20:47.273 [main] INFO  o.h.hql.internal.ast.ASTQueryTranslatorFactory - HHH000397: Using ASTQueryTranslatorFactory
2016-06-13 10:20:47.362 [main] INFO  org.hibernate.tool.hbm2ddl.SchemaUpdate - HHH000228: Running hbm2ddl schema update
2016-06-13 10:20:47.363 [main] INFO  org.hibernate.tool.hbm2ddl.SchemaUpdate - HHH000102: Fetching database metadata
2016-06-13 10:20:47.364 [main] INFO  org.hibernate.tool.hbm2ddl.SchemaUpdate - HHH000396: Updating schema
2016-06-13 10:20:47.365 [main] INFO  org.hibernate.tool.hbm2ddl.SchemaUpdate - HHH000232: Schema update complete
2016-06-13 10:20:47.555 [main] INFO  o.s.w.s.m.m.a.RequestMappingHandlerAdapter - Looking for @ControllerAdvice: org.springframework.boot.context.embedded.AnnotationConfigEmbeddedWebApplicationContext@ea6137: startup date [Mon Jun 13 10:20:43 CST 2016]; root of context hierarchy
2016-06-13 10:20:47.627 [main] INFO  o.s.w.s.m.m.a.RequestMappingHandlerMapping - Mapped "{[/]}" onto java.lang.String startApp.Start.home()
2016-06-13 10:20:47.630 [main] INFO  o.s.w.s.m.m.a.RequestMappingHandlerMapping - Mapped "{[/error]}" onto public org.springframework.http.ResponseEntity<java.util.Map<java.lang.String, java.lang.Object>> org.springframework.boot.autoconfigure.web.BasicErrorController.error(javax.servlet.http.HttpServletRequest)
2016-06-13 10:20:47.630 [main] INFO  o.s.w.s.m.m.a.RequestMappingHandlerMapping - Mapped "{[/error],produces=[text/html]}" onto public org.springframework.web.servlet.ModelAndView org.springframework.boot.autoconfigure.web.BasicErrorController.errorHtml(javax.servlet.http.HttpServletRequest)
2016-06-13 10:20:47.656 [main] INFO  o.s.web.servlet.handler.SimpleUrlHandlerMapping - Mapped URL path [/webjars/**] onto handler of type [class org.springframework.web.servlet.resource.ResourceHttpRequestHandler]
2016-06-13 10:20:47.656 [main] INFO  o.s.web.servlet.handler.SimpleUrlHandlerMapping - Mapped URL path [/**] onto handler of type [class org.springframework.web.servlet.resource.ResourceHttpRequestHandler]
2016-06-13 10:20:47.688 [main] INFO  o.s.web.servlet.handler.SimpleUrlHandlerMapping - Mapped URL path [/**/favicon.ico] onto handler of type [class org.springframework.web.servlet.resource.ResourceHttpRequestHandler]
2016-06-13 10:20:47.885 [main] INFO  o.s.jmx.export.annotation.AnnotationMBeanExporter - Registering beans for JMX exposure on startup
2016-06-13 10:20:47.909 [main] INFO  org.apache.coyote.http11.Http11NioProtocol - Initializing ProtocolHandler ["http-nio-8080"]
2016-06-13 10:20:47.917 [main] INFO  org.apache.coyote.http11.Http11NioProtocol - Starting ProtocolHandler ["http-nio-8080"]
2016-06-13 10:20:47.978 [main] INFO  org.apache.tomcat.util.net.NioSelectorPool - Using a shared selector for servlet write/read
2016-06-13 10:20:48.004 [main] INFO  o.s.b.c.e.tomcat.TomcatEmbeddedServletContainer - Tomcat started on port(s): 8080 (http)
2016-06-13 10:20:48.014 [main] INFO  startApp.Start - Started Start in 5.791 seconds (JVM running for 7.042)
2016-06-13 10:21:11.899 [http-nio-8080-exec-1] INFO  o.a.c.core.ContainerBase.[Tomcat].[localhost].[/] - Initializing Spring FrameworkServlet 'dispatcherServlet'
2016-06-13 10:21:11.900 [http-nio-8080-exec-1] INFO  org.springframework.web.servlet.DispatcherServlet - FrameworkServlet 'dispatcherServlet': initialization started
2016-06-13 10:21:11.915 [http-nio-8080-exec-1] INFO  org.springframework.web.servlet.DispatcherServlet - FrameworkServlet 'dispatcherServlet': initialization completed in 15 ms
2016-06-13 10:21:40.755 [main] INFO  startApp.Start - Starting Start on 周涛-PC with PID 1156 (started by 周涛 in D:\SpringBoot ——helloword)
2016-06-13 10:21:40.759 [main] INFO  startApp.Start - The following profiles are active: @profileActive@
2016-06-13 10:21:40.814 [main] INFO  o.s.b.c.e.AnnotationConfigEmbeddedWebApplicationContext - Refreshing org.springframework.boot.context.embedded.AnnotationConfigEmbeddedWebApplicationContext@40b76e: startup date [Mon Jun 13 10:21:40 CST 2016]; root of context hierarchy
2016-06-13 10:21:40.884 [pool-1-thread-1] INFO  org.hibernate.validator.internal.util.Version - HV000001: Hibernate Validator 5.2.2.Final
2016-06-13 10:21:41.635 [main] INFO  o.s.b.factory.support.DefaultListableBeanFactory - Overriding bean definition for bean 'beanNameViewResolver' with a different definition: replacing [Root bean: class [null]; scope=; abstract=false; lazyInit=false; autowireMode=3; dependencyCheck=0; autowireCandidate=true; primary=false; factoryBeanName=org.springframework.boot.autoconfigure.web.ErrorMvcAutoConfiguration$WhitelabelErrorViewConfiguration; factoryMethodName=beanNameViewResolver; initMethodName=null; destroyMethodName=(inferred); defined in class path resource [org/springframework/boot/autoconfigure/web/ErrorMvcAutoConfiguration$WhitelabelErrorViewConfiguration.class]] with [Root bean: class [null]; scope=; abstract=false; lazyInit=false; autowireMode=3; dependencyCheck=0; autowireCandidate=true; primary=false; factoryBeanName=org.springframework.boot.autoconfigure.web.WebMvcAutoConfiguration$WebMvcAutoConfigurationAdapter; factoryMethodName=beanNameViewResolver; initMethodName=null; destroyMethodName=(inferred); defined in class path resource [org/springframework/boot/autoconfigure/web/WebMvcAutoConfiguration$WebMvcAutoConfigurationAdapter.class]]
2016-06-13 10:21:42.032 [main] INFO  o.s.c.s.PostProcessorRegistrationDelegate$BeanPostProcessorChecker - Bean 'org.springframework.transaction.annotation.ProxyTransactionManagementConfiguration' of type [class org.springframework.transaction.annotation.ProxyTransactionManagementConfiguration$$EnhancerBySpringCGLIB$$bf019ee9] is not eligible for getting processed by all BeanPostProcessors (for example: not eligible for auto-proxying)
2016-06-13 10:21:42.657 [main] INFO  o.s.b.c.e.tomcat.TomcatEmbeddedServletContainer - Tomcat initialized with port(s): 8080 (http)
2016-06-13 10:21:42.674 [main] INFO  org.apache.catalina.core.StandardService - Starting service Tomcat
2016-06-13 10:21:42.675 [main] INFO  org.apache.catalina.core.StandardEngine - Starting Servlet Engine: Apache Tomcat/8.0.28
2016-06-13 10:21:42.766 [localhost-startStop-1] INFO  o.a.c.core.ContainerBase.[Tomcat].[localhost].[/] - Initializing Spring embedded WebApplicationContext
2016-06-13 10:21:42.766 [localhost-startStop-1] INFO  org.springframework.web.context.ContextLoader - Root WebApplicationContext: initialization completed in 1953 ms
2016-06-13 10:21:43.039 [localhost-startStop-1] INFO  o.s.boot.context.embedded.ServletRegistrationBean - Mapping servlet: 'dispatcherServlet' to [/]
2016-06-13 10:21:43.043 [localhost-startStop-1] INFO  o.s.boot.context.embedded.FilterRegistrationBean - Mapping filter: 'characterEncodingFilter' to: [/*]
2016-06-13 10:21:43.043 [localhost-startStop-1] INFO  o.s.boot.context.embedded.FilterRegistrationBean - Mapping filter: 'hiddenHttpMethodFilter' to: [/*]
2016-06-13 10:21:43.044 [localhost-startStop-1] INFO  o.s.boot.context.embedded.FilterRegistrationBean - Mapping filter: 'httpPutFormContentFilter' to: [/*]
2016-06-13 10:21:43.044 [localhost-startStop-1] INFO  o.s.boot.context.embedded.FilterRegistrationBean - Mapping filter: 'requestContextFilter' to: [/*]
2016-06-13 10:21:43.243 [main] INFO  o.s.orm.jpa.LocalContainerEntityManagerFactoryBean - Building JPA container EntityManagerFactory for persistence unit 'default'
2016-06-13 10:21:43.252 [main] INFO  org.hibernate.jpa.internal.util.LogHelper - HHH000204: Processing PersistenceUnitInfo [
	name: default
	...]
2016-06-13 10:21:43.350 [main] INFO  org.hibernate.Version - HHH000412: Hibernate Core {4.3.11.Final}
2016-06-13 10:21:43.352 [main] INFO  org.hibernate.cfg.Environment - HHH000206: hibernate.properties not found
2016-06-13 10:21:43.353 [main] INFO  org.hibernate.cfg.Environment - HHH000021: Bytecode provider name : javassist
2016-06-13 10:21:43.491 [main] INFO  org.hibernate.annotations.common.Version - HCANN000001: Hibernate Commons Annotations {4.0.5.Final}
2016-06-13 10:21:43.808 [main] INFO  org.hibernate.dialect.Dialect - HHH000400: Using dialect: org.hibernate.dialect.MySQL5Dialect
2016-06-13 10:21:43.846 [main] INFO  o.h.hql.internal.ast.ASTQueryTranslatorFactory - HHH000397: Using ASTQueryTranslatorFactory
2016-06-13 10:21:43.933 [main] INFO  org.hibernate.tool.hbm2ddl.SchemaUpdate - HHH000228: Running hbm2ddl schema update
2016-06-13 10:21:43.934 [main] INFO  org.hibernate.tool.hbm2ddl.SchemaUpdate - HHH000102: Fetching database metadata
2016-06-13 10:21:43.935 [main] INFO  org.hibernate.tool.hbm2ddl.SchemaUpdate - HHH000396: Updating schema
2016-06-13 10:21:43.936 [main] INFO  org.hibernate.tool.hbm2ddl.SchemaUpdate - HHH000232: Schema update complete
2016-06-13 10:21:44.113 [main] INFO  o.s.w.s.m.m.a.RequestMappingHandlerAdapter - Looking for @ControllerAdvice: org.springframework.boot.context.embedded.AnnotationConfigEmbeddedWebApplicationContext@40b76e: startup date [Mon Jun 13 10:21:40 CST 2016]; root of context hierarchy
2016-06-13 10:21:44.182 [main] INFO  o.s.w.s.m.m.a.RequestMappingHandlerMapping - Mapped "{[/view]}" onto java.lang.String startApp.Start.home()
2016-06-13 10:21:44.185 [main] INFO  o.s.w.s.m.m.a.RequestMappingHandlerMapping - Mapped "{[/error]}" onto public org.springframework.http.ResponseEntity<java.util.Map<java.lang.String, java.lang.Object>> org.springframework.boot.autoconfigure.web.BasicErrorController.error(javax.servlet.http.HttpServletRequest)
2016-06-13 10:21:44.185 [main] INFO  o.s.w.s.m.m.a.RequestMappingHandlerMapping - Mapped "{[/error],produces=[text/html]}" onto public org.springframework.web.servlet.ModelAndView org.springframework.boot.autoconfigure.web.BasicErrorController.errorHtml(javax.servlet.http.HttpServletRequest)
2016-06-13 10:21:44.208 [main] INFO  o.s.web.servlet.handler.SimpleUrlHandlerMapping - Mapped URL path [/webjars/**] onto handler of type [class org.springframework.web.servlet.resource.ResourceHttpRequestHandler]
2016-06-13 10:21:44.208 [main] INFO  o.s.web.servlet.handler.SimpleUrlHandlerMapping - Mapped URL path [/**] onto handler of type [class org.springframework.web.servlet.resource.ResourceHttpRequestHandler]
2016-06-13 10:21:44.244 [main] INFO  o.s.web.servlet.handler.SimpleUrlHandlerMapping - Mapped URL path [/**/favicon.ico] onto handler of type [class org.springframework.web.servlet.resource.ResourceHttpRequestHandler]
2016-06-13 10:21:44.429 [main] INFO  o.s.jmx.export.annotation.AnnotationMBeanExporter - Registering beans for JMX exposure on startup
2016-06-13 10:21:44.460 [main] INFO  org.apache.coyote.http11.Http11NioProtocol - Initializing ProtocolHandler ["http-nio-8080"]
2016-06-13 10:21:44.466 [main] INFO  org.apache.coyote.http11.Http11NioProtocol - Starting ProtocolHandler ["http-nio-8080"]
2016-06-13 10:21:44.476 [main] INFO  org.apache.tomcat.util.net.NioSelectorPool - Using a shared selector for servlet write/read
2016-06-13 10:21:44.490 [main] INFO  o.s.b.c.e.tomcat.TomcatEmbeddedServletContainer - Tomcat started on port(s): 8080 (http)
2016-06-13 10:21:44.494 [main] INFO  startApp.Start - Started Start in 4.813 seconds (JVM running for 5.155)
2016-06-13 10:21:52.183 [http-nio-8080-exec-1] INFO  o.a.c.core.ContainerBase.[Tomcat].[localhost].[/] - Initializing Spring FrameworkServlet 'dispatcherServlet'
2016-06-13 10:21:52.183 [http-nio-8080-exec-1] INFO  org.springframework.web.servlet.DispatcherServlet - FrameworkServlet 'dispatcherServlet': initialization started
2016-06-13 10:21:52.196 [http-nio-8080-exec-1] INFO  org.springframework.web.servlet.DispatcherServlet - FrameworkServlet 'dispatcherServlet': initialization completed in 13 ms
