2016-09-12 19:20:11.734 [main] INFO  number.Start - Starting Start on zhoutao-PC with PID 4428 (D:\office\OSChinaWorkSpace\Number\target\classes started by zhoutao in D:\office\OSChinaWorkSpace\Number)
2016-09-12 19:20:11.741 [main] INFO  number.Start - No profiles are active
2016-09-12 19:20:11.795 [pool-1-thread-1] INFO  org.hibernate.validator.internal.util.Version - HV000001: Hibernate Validator 5.2.2.Final
2016-09-12 19:20:11.891 [main] INFO  o.s.b.c.e.AnnotationConfigEmbeddedWebApplicationContext - Refreshing org.springframework.boot.context.embedded.AnnotationConfigEmbeddedWebApplicationContext@6d4d66d2: startup date [Mon Sep 12 19:20:11 CST 2016]; root of context hierarchy
2016-09-12 19:20:13.648 [main] INFO  o.s.b.factory.support.DefaultListableBeanFactory - Overriding bean definition for bean 'beanNameViewResolver' with a different definition: replacing [Root bean: class [null]; scope=; abstract=false; lazyInit=false; autowireMode=3; dependencyCheck=0; autowireCandidate=true; primary=false; factoryBeanName=org.springframework.boot.autoconfigure.web.ErrorMvcAutoConfiguration$WhitelabelErrorViewConfiguration; factoryMethodName=beanNameViewResolver; initMethodName=null; destroyMethodName=(inferred); defined in class path resource [org/springframework/boot/autoconfigure/web/ErrorMvcAutoConfiguration$WhitelabelErrorViewConfiguration.class]] with [Root bean: class [null]; scope=; abstract=false; lazyInit=false; autowireMode=3; dependencyCheck=0; autowireCandidate=true; primary=false; factoryBeanName=org.springframework.boot.autoconfigure.web.WebMvcAutoConfiguration$WebMvcAutoConfigurationAdapter; factoryMethodName=beanNameViewResolver; initMethodName=null; destroyMethodName=(inferred); defined in class path resource [org/springframework/boot/autoconfigure/web/WebMvcAutoConfiguration$WebMvcAutoConfigurationAdapter.class]]
2016-09-12 19:20:14.792 [main] INFO  o.s.c.s.PostProcessorRegistrationDelegate$BeanPostProcessorChecker - Bean 'org.springframework.transaction.annotation.ProxyTransactionManagementConfiguration' of type [class org.springframework.transaction.annotation.ProxyTransactionManagementConfiguration$$EnhancerBySpringCGLIB$$d64fe95] is not eligible for getting processed by all BeanPostProcessors (for example: not eligible for auto-proxying)
2016-09-12 19:20:16.148 [main] INFO  o.s.b.c.e.tomcat.TomcatEmbeddedServletContainer - Tomcat initialized with port(s): 8082 (http)
2016-09-12 19:20:16.175 [main] INFO  org.apache.catalina.core.StandardService - Starting service Tomcat
2016-09-12 19:20:16.177 [main] INFO  org.apache.catalina.core.StandardEngine - Starting Servlet Engine: Apache Tomcat/8.0.28
2016-09-12 19:20:16.736 [localhost-startStop-1] INFO  org.apache.jasper.servlet.TldScanner - At least one JAR was scanned for TLDs yet contained no TLDs. Enable debug logging for this logger for a complete list of JARs that were scanned but no TLDs were found in them. Skipping unneeded JARs during scanning can improve startup time and JSP compilation time.
2016-09-12 19:20:16.742 [localhost-startStop-1] INFO  o.a.c.core.ContainerBase.[Tomcat].[localhost].[/] - Initializing Spring embedded WebApplicationContext
2016-09-12 19:20:16.742 [localhost-startStop-1] INFO  org.springframework.web.context.ContextLoader - Root WebApplicationContext: initialization completed in 4851 ms
2016-09-12 19:20:17.512 [localhost-startStop-1] INFO  o.s.boot.context.embedded.ServletRegistrationBean - Mapping servlet: 'dispatcherServlet' to [/]
2016-09-12 19:20:17.542 [localhost-startStop-1] INFO  o.s.boot.context.embedded.FilterRegistrationBean - Mapping filter: 'characterEncodingFilter' to: [/*]
2016-09-12 19:20:17.542 [localhost-startStop-1] INFO  o.s.boot.context.embedded.FilterRegistrationBean - Mapping filter: 'hiddenHttpMethodFilter' to: [/*]
2016-09-12 19:20:17.543 [localhost-startStop-1] INFO  o.s.boot.context.embedded.FilterRegistrationBean - Mapping filter: 'httpPutFormContentFilter' to: [/*]
2016-09-12 19:20:17.543 [localhost-startStop-1] INFO  o.s.boot.context.embedded.FilterRegistrationBean - Mapping filter: 'requestContextFilter' to: [/*]
2016-09-12 19:20:18.125 [main] INFO  o.s.orm.jpa.LocalContainerEntityManagerFactoryBean - Building JPA container EntityManagerFactory for persistence unit 'default'
2016-09-12 19:20:18.144 [main] INFO  org.hibernate.jpa.internal.util.LogHelper - HHH000204: Processing PersistenceUnitInfo [
	name: default
	...]
2016-09-12 19:20:18.365 [main] INFO  org.hibernate.Version - HHH000412: Hibernate Core {4.3.11.Final}
2016-09-12 19:20:18.369 [main] INFO  org.hibernate.cfg.Environment - HHH000206: hibernate.properties not found
2016-09-12 19:20:18.372 [main] INFO  org.hibernate.cfg.Environment - HHH000021: Bytecode provider name : javassist
2016-09-12 19:20:18.796 [main] INFO  org.hibernate.annotations.common.Version - HCANN000001: Hibernate Commons Annotations {4.0.5.Final}
2016-09-12 19:20:19.335 [main] INFO  org.hibernate.dialect.Dialect - HHH000400: Using dialect: org.hibernate.dialect.MySQL5Dialect
2016-09-12 19:20:19.626 [main] INFO  o.h.hql.internal.ast.ASTQueryTranslatorFactory - HHH000397: Using ASTQueryTranslatorFactory
2016-09-12 19:20:19.985 [main] INFO  org.hibernate.tool.hbm2ddl.SchemaUpdate - HHH000228: Running hbm2ddl schema update
2016-09-12 19:20:19.986 [main] INFO  org.hibernate.tool.hbm2ddl.SchemaUpdate - HHH000102: Fetching database metadata
2016-09-12 19:20:19.990 [main] INFO  org.hibernate.tool.hbm2ddl.SchemaUpdate - HHH000396: Updating schema
2016-09-12 19:20:20.022 [main] INFO  org.hibernate.tool.hbm2ddl.TableMetadata - HHH000261: Table found: number.number_of_car
2016-09-12 19:20:20.023 [main] INFO  org.hibernate.tool.hbm2ddl.TableMetadata - HHH000037: Columns: [province, city, count, county, company, id, create_date, car_type]
2016-09-12 19:20:20.023 [main] INFO  org.hibernate.tool.hbm2ddl.TableMetadata - HHH000108: Foreign keys: []
2016-09-12 19:20:20.023 [main] INFO  org.hibernate.tool.hbm2ddl.TableMetadata - HHH000126: Indexes: [primary]
2016-09-12 19:20:20.025 [main] INFO  org.hibernate.tool.hbm2ddl.SchemaUpdate - HHH000232: Schema update complete
2016-09-12 19:20:20.963 [main] INFO  o.s.w.s.m.m.a.RequestMappingHandlerAdapter - Looking for @ControllerAdvice: org.springframework.boot.context.embedded.AnnotationConfigEmbeddedWebApplicationContext@6d4d66d2: startup date [Mon Sep 12 19:20:11 CST 2016]; root of context hierarchy
2016-09-12 19:20:21.257 [main] INFO  o.s.w.s.m.m.a.RequestMappingHandlerMapping - Mapped "{[/delete.do]}" onto public java.lang.String number.controller.NumberOfCarController.delete(long)
2016-09-12 19:20:21.259 [main] INFO  o.s.w.s.m.m.a.RequestMappingHandlerMapping - Mapped "{[/save.do]}" onto public java.lang.String number.controller.NumberOfCarController.save(java.lang.String,java.lang.String,java.lang.String,java.lang.String,int)
2016-09-12 19:20:21.259 [main] INFO  o.s.w.s.m.m.a.RequestMappingHandlerMapping - Mapped "{[/login]}" onto public java.lang.String number.controller.NumberOfCarController.login(javax.servlet.http.HttpServletRequest)
2016-09-12 19:20:21.259 [main] INFO  o.s.w.s.m.m.a.RequestMappingHandlerMapping - Mapped "{[/modify.do]}" onto public java.lang.String number.controller.NumberOfCarController.modify(long,int)
2016-09-12 19:20:21.260 [main] INFO  o.s.w.s.m.m.a.RequestMappingHandlerMapping - Mapped "{[/findByAll.do]}" onto public java.lang.String number.controller.NumberOfCarController.findData(java.lang.String,java.lang.String,java.lang.String,java.lang.String)
2016-09-12 19:20:21.260 [main] INFO  o.s.w.s.m.m.a.RequestMappingHandlerMapping - Mapped "{[/findCompany.do]}" onto public java.lang.String number.controller.NumberOfCarController.findCompany(java.lang.String,java.lang.String,java.lang.String)
2016-09-12 19:20:21.265 [main] INFO  o.s.w.s.m.m.a.RequestMappingHandlerMapping - Mapped "{[/error]}" onto public org.springframework.http.ResponseEntity<java.util.Map<java.lang.String, java.lang.Object>> org.springframework.boot.autoconfigure.web.BasicErrorController.error(javax.servlet.http.HttpServletRequest)
2016-09-12 19:20:21.266 [main] INFO  o.s.w.s.m.m.a.RequestMappingHandlerMapping - Mapped "{[/error],produces=[text/html]}" onto public org.springframework.web.servlet.ModelAndView org.springframework.boot.autoconfigure.web.BasicErrorController.errorHtml(javax.servlet.http.HttpServletRequest)
2016-09-12 19:20:21.335 [main] INFO  o.s.web.servlet.handler.SimpleUrlHandlerMapping - Mapped URL path [/webjars/**] onto handler of type [class org.springframework.web.servlet.resource.ResourceHttpRequestHandler]
2016-09-12 19:20:21.335 [main] INFO  o.s.web.servlet.handler.SimpleUrlHandlerMapping - Mapped URL path [/**] onto handler of type [class org.springframework.web.servlet.resource.ResourceHttpRequestHandler]
2016-09-12 19:20:21.429 [main] INFO  o.s.web.servlet.handler.SimpleUrlHandlerMapping - Mapped URL path [/**/favicon.ico] onto handler of type [class org.springframework.web.servlet.resource.ResourceHttpRequestHandler]
2016-09-12 19:20:22.068 [main] INFO  o.s.jmx.export.annotation.AnnotationMBeanExporter - Registering beans for JMX exposure on startup
2016-09-12 19:20:22.127 [main] INFO  org.apache.coyote.http11.Http11NioProtocol - Initializing ProtocolHandler ["http-nio-8082"]
2016-09-12 19:20:22.177 [main] INFO  org.apache.coyote.http11.Http11NioProtocol - Starting ProtocolHandler ["http-nio-8082"]
2016-09-12 19:20:22.212 [main] INFO  org.apache.tomcat.util.net.NioSelectorPool - Using a shared selector for servlet write/read
2016-09-12 19:20:22.289 [main] INFO  o.s.b.c.e.tomcat.TomcatEmbeddedServletContainer - Tomcat started on port(s): 8082 (http)
2016-09-12 19:20:22.300 [main] INFO  number.Start - Started Start in 11.757 seconds (JVM running for 15.386)
2016-09-12 19:21:15.994 [http-nio-8082-exec-1] INFO  o.a.c.core.ContainerBase.[Tomcat].[localhost].[/] - Initializing Spring FrameworkServlet 'dispatcherServlet'
2016-09-12 19:21:15.994 [http-nio-8082-exec-1] INFO  org.springframework.web.servlet.DispatcherServlet - FrameworkServlet 'dispatcherServlet': initialization started
2016-09-12 19:21:16.022 [http-nio-8082-exec-1] INFO  org.springframework.web.servlet.DispatcherServlet - FrameworkServlet 'dispatcherServlet': initialization completed in 28 ms
2016-09-12 19:21:24.570 [http-nio-8082-exec-1] WARN  org.springframework.web.servlet.PageNotFound - Request method 'POST' not supported
2016-09-12 19:26:29.968 [http-nio-8082-exec-5] WARN  org.springframework.web.servlet.PageNotFound - Request method 'POST' not supported
2016-09-12 19:28:08.455 [http-nio-8082-exec-9] WARN  org.springframework.web.servlet.PageNotFound - Request method 'POST' not supported
2016-09-12 19:28:10.444 [http-nio-8082-exec-8] WARN  org.springframework.web.servlet.PageNotFound - Request method 'POST' not supported
2016-09-12 19:28:10.807 [http-nio-8082-exec-6] WARN  org.springframework.web.servlet.PageNotFound - Request method 'POST' not supported
2016-09-12 19:28:10.982 [http-nio-8082-exec-2] WARN  org.springframework.web.servlet.PageNotFound - Request method 'POST' not supported
2016-09-12 19:29:01.899 [http-nio-8082-exec-4] WARN  org.springframework.web.servlet.PageNotFound - Request method 'POST' not supported
2016-09-12 19:34:24.458 [main] INFO  number.Start - Starting Start on zhoutao-PC with PID 2164 (D:\office\OSChinaWorkSpace\Number\target\classes started by zhoutao in D:\office\OSChinaWorkSpace\Number)
2016-09-12 19:34:24.462 [main] INFO  number.Start - No profiles are active
2016-09-12 19:34:24.491 [pool-1-thread-1] INFO  org.hibernate.validator.internal.util.Version - HV000001: Hibernate Validator 5.2.2.Final
2016-09-12 19:34:24.564 [main] INFO  o.s.b.c.e.AnnotationConfigEmbeddedWebApplicationContext - Refreshing org.springframework.boot.context.embedded.AnnotationConfigEmbeddedWebApplicationContext@2c78324b: startup date [Mon Sep 12 19:34:24 CST 2016]; root of context hierarchy
2016-09-12 19:34:26.623 [main] INFO  o.s.b.factory.support.DefaultListableBeanFactory - Overriding bean definition for bean 'beanNameViewResolver' with a different definition: replacing [Root bean: class [null]; scope=; abstract=false; lazyInit=false; autowireMode=3; dependencyCheck=0; autowireCandidate=true; primary=false; factoryBeanName=org.springframework.boot.autoconfigure.web.ErrorMvcAutoConfiguration$WhitelabelErrorViewConfiguration; factoryMethodName=beanNameViewResolver; initMethodName=null; destroyMethodName=(inferred); defined in class path resource [org/springframework/boot/autoconfigure/web/ErrorMvcAutoConfiguration$WhitelabelErrorViewConfiguration.class]] with [Root bean: class [null]; scope=; abstract=false; lazyInit=false; autowireMode=3; dependencyCheck=0; autowireCandidate=true; primary=false; factoryBeanName=org.springframework.boot.autoconfigure.web.WebMvcAutoConfiguration$WebMvcAutoConfigurationAdapter; factoryMethodName=beanNameViewResolver; initMethodName=null; destroyMethodName=(inferred); defined in class path resource [org/springframework/boot/autoconfigure/web/WebMvcAutoConfiguration$WebMvcAutoConfigurationAdapter.class]]
2016-09-12 19:34:27.680 [main] INFO  o.s.c.s.PostProcessorRegistrationDelegate$BeanPostProcessorChecker - Bean 'org.springframework.transaction.annotation.ProxyTransactionManagementConfiguration' of type [class org.springframework.transaction.annotation.ProxyTransactionManagementConfiguration$$EnhancerBySpringCGLIB$$540fa39e] is not eligible for getting processed by all BeanPostProcessors (for example: not eligible for auto-proxying)
2016-09-12 19:34:28.515 [main] INFO  o.s.b.c.e.tomcat.TomcatEmbeddedServletContainer - Tomcat initialized with port(s): 8082 (http)
2016-09-12 19:34:28.540 [main] INFO  org.apache.catalina.core.StandardService - Starting service Tomcat
2016-09-12 19:34:28.542 [main] INFO  org.apache.catalina.core.StandardEngine - Starting Servlet Engine: Apache Tomcat/8.0.28
2016-09-12 19:34:29.000 [localhost-startStop-1] INFO  org.apache.jasper.servlet.TldScanner - At least one JAR was scanned for TLDs yet contained no TLDs. Enable debug logging for this logger for a complete list of JARs that were scanned but no TLDs were found in them. Skipping unneeded JARs during scanning can improve startup time and JSP compilation time.
2016-09-12 19:34:29.005 [localhost-startStop-1] INFO  o.a.c.core.ContainerBase.[Tomcat].[localhost].[/] - Initializing Spring embedded WebApplicationContext
2016-09-12 19:34:29.006 [localhost-startStop-1] INFO  org.springframework.web.context.ContextLoader - Root WebApplicationContext: initialization completed in 4442 ms
2016-09-12 19:34:29.632 [localhost-startStop-1] INFO  o.s.boot.context.embedded.ServletRegistrationBean - Mapping servlet: 'dispatcherServlet' to [/]
2016-09-12 19:34:29.640 [localhost-startStop-1] INFO  o.s.boot.context.embedded.FilterRegistrationBean - Mapping filter: 'characterEncodingFilter' to: [/*]
2016-09-12 19:34:29.641 [localhost-startStop-1] INFO  o.s.boot.context.embedded.FilterRegistrationBean - Mapping filter: 'hiddenHttpMethodFilter' to: [/*]
2016-09-12 19:34:29.641 [localhost-startStop-1] INFO  o.s.boot.context.embedded.FilterRegistrationBean - Mapping filter: 'httpPutFormContentFilter' to: [/*]
2016-09-12 19:34:29.641 [localhost-startStop-1] INFO  o.s.boot.context.embedded.FilterRegistrationBean - Mapping filter: 'requestContextFilter' to: [/*]
2016-09-12 19:34:30.108 [main] INFO  o.s.orm.jpa.LocalContainerEntityManagerFactoryBean - Building JPA container EntityManagerFactory for persistence unit 'default'
2016-09-12 19:34:30.125 [main] INFO  org.hibernate.jpa.internal.util.LogHelper - HHH000204: Processing PersistenceUnitInfo [
	name: default
	...]
2016-09-12 19:34:30.277 [main] INFO  org.hibernate.Version - HHH000412: Hibernate Core {4.3.11.Final}
2016-09-12 19:34:30.280 [main] INFO  org.hibernate.cfg.Environment - HHH000206: hibernate.properties not found
2016-09-12 19:34:30.283 [main] INFO  org.hibernate.cfg.Environment - HHH000021: Bytecode provider name : javassist
2016-09-12 19:34:30.739 [main] INFO  org.hibernate.annotations.common.Version - HCANN000001: Hibernate Commons Annotations {4.0.5.Final}
2016-09-12 19:34:31.322 [main] INFO  org.hibernate.dialect.Dialect - HHH000400: Using dialect: org.hibernate.dialect.MySQL5Dialect
2016-09-12 19:34:31.621 [main] INFO  o.h.hql.internal.ast.ASTQueryTranslatorFactory - HHH000397: Using ASTQueryTranslatorFactory
2016-09-12 19:34:31.911 [main] INFO  org.hibernate.tool.hbm2ddl.SchemaUpdate - HHH000228: Running hbm2ddl schema update
2016-09-12 19:34:31.911 [main] INFO  org.hibernate.tool.hbm2ddl.SchemaUpdate - HHH000102: Fetching database metadata
2016-09-12 19:34:31.914 [main] INFO  org.hibernate.tool.hbm2ddl.SchemaUpdate - HHH000396: Updating schema
2016-09-12 19:34:31.959 [main] INFO  org.hibernate.tool.hbm2ddl.TableMetadata - HHH000261: Table found: number.number_of_car
2016-09-12 19:34:31.960 [main] INFO  org.hibernate.tool.hbm2ddl.TableMetadata - HHH000037: Columns: [province, city, count, county, company, id, create_date, car_type]
2016-09-12 19:34:31.960 [main] INFO  org.hibernate.tool.hbm2ddl.TableMetadata - HHH000108: Foreign keys: []
2016-09-12 19:34:31.960 [main] INFO  org.hibernate.tool.hbm2ddl.TableMetadata - HHH000126: Indexes: [primary]
2016-09-12 19:34:31.965 [main] INFO  org.hibernate.tool.hbm2ddl.SchemaUpdate - HHH000232: Schema update complete
2016-09-12 19:34:32.740 [main] INFO  o.s.w.s.m.m.a.RequestMappingHandlerAdapter - Looking for @ControllerAdvice: org.springframework.boot.context.embedded.AnnotationConfigEmbeddedWebApplicationContext@2c78324b: startup date [Mon Sep 12 19:34:24 CST 2016]; root of context hierarchy
2016-09-12 19:34:32.886 [main] INFO  o.s.w.s.m.m.a.RequestMappingHandlerMapping - Mapped "{[/delete.do]}" onto public java.lang.String number.controller.NumberOfCarController.delete(long)
2016-09-12 19:34:32.889 [main] INFO  o.s.w.s.m.m.a.RequestMappingHandlerMapping - Mapped "{[/save.do]}" onto public java.lang.String number.controller.NumberOfCarController.save(java.lang.String,java.lang.String,java.lang.String,java.lang.String,int)
2016-09-12 19:34:32.889 [main] INFO  o.s.w.s.m.m.a.RequestMappingHandlerMapping - Mapped "{[/login]}" onto public java.lang.String number.controller.NumberOfCarController.login(javax.servlet.http.HttpServletRequest)
2016-09-12 19:34:32.890 [main] INFO  o.s.w.s.m.m.a.RequestMappingHandlerMapping - Mapped "{[/findBycompany.do]}" onto public java.lang.String number.controller.NumberOfCarController.findBycompany(java.lang.String)
2016-09-12 19:34:32.890 [main] INFO  o.s.w.s.m.m.a.RequestMappingHandlerMapping - Mapped "{[/modify.do]}" onto public java.lang.String number.controller.NumberOfCarController.modify(long,int)
2016-09-12 19:34:32.891 [main] INFO  o.s.w.s.m.m.a.RequestMappingHandlerMapping - Mapped "{[/findByAll.do]}" onto public java.lang.String number.controller.NumberOfCarController.findData(java.lang.String,java.lang.String,java.lang.String,java.lang.String)
2016-09-12 19:34:32.891 [main] INFO  o.s.w.s.m.m.a.RequestMappingHandlerMapping - Mapped "{[/findCompany.do]}" onto public java.lang.String number.controller.NumberOfCarController.findCompany(java.lang.String,java.lang.String,java.lang.String)
2016-09-12 19:34:32.895 [main] INFO  o.s.w.s.m.m.a.RequestMappingHandlerMapping - Mapped "{[/error]}" onto public org.springframework.http.ResponseEntity<java.util.Map<java.lang.String, java.lang.Object>> org.springframework.boot.autoconfigure.web.BasicErrorController.error(javax.servlet.http.HttpServletRequest)
2016-09-12 19:34:32.896 [main] INFO  o.s.w.s.m.m.a.RequestMappingHandlerMapping - Mapped "{[/error],produces=[text/html]}" onto public org.springframework.web.servlet.ModelAndView org.springframework.boot.autoconfigure.web.BasicErrorController.errorHtml(javax.servlet.http.HttpServletRequest)
2016-09-12 19:34:32.961 [main] INFO  o.s.web.servlet.handler.SimpleUrlHandlerMapping - Mapped URL path [/webjars/**] onto handler of type [class org.springframework.web.servlet.resource.ResourceHttpRequestHandler]
2016-09-12 19:34:32.961 [main] INFO  o.s.web.servlet.handler.SimpleUrlHandlerMapping - Mapped URL path [/**] onto handler of type [class org.springframework.web.servlet.resource.ResourceHttpRequestHandler]
2016-09-12 19:34:33.040 [main] INFO  o.s.web.servlet.handler.SimpleUrlHandlerMapping - Mapped URL path [/**/favicon.ico] onto handler of type [class org.springframework.web.servlet.resource.ResourceHttpRequestHandler]
2016-09-12 19:34:33.731 [main] INFO  o.s.jmx.export.annotation.AnnotationMBeanExporter - Registering beans for JMX exposure on startup
2016-09-12 19:34:33.792 [main] INFO  org.apache.coyote.http11.Http11NioProtocol - Initializing ProtocolHandler ["http-nio-8082"]
2016-09-12 19:34:33.818 [main] INFO  org.apache.coyote.http11.Http11NioProtocol - Starting ProtocolHandler ["http-nio-8082"]
2016-09-12 19:34:33.842 [main] INFO  org.apache.tomcat.util.net.NioSelectorPool - Using a shared selector for servlet write/read
2016-09-12 19:34:33.899 [main] INFO  o.s.b.c.e.tomcat.TomcatEmbeddedServletContainer - Tomcat started on port(s): 8082 (http)
2016-09-12 19:34:33.910 [main] INFO  number.Start - Started Start in 10.359 seconds (JVM running for 10.958)
2016-09-12 19:38:23.500 [http-nio-8082-exec-1] INFO  o.a.c.core.ContainerBase.[Tomcat].[localhost].[/] - Initializing Spring FrameworkServlet 'dispatcherServlet'
2016-09-12 19:38:23.501 [http-nio-8082-exec-1] INFO  org.springframework.web.servlet.DispatcherServlet - FrameworkServlet 'dispatcherServlet': initialization started
2016-09-12 19:38:23.533 [http-nio-8082-exec-1] INFO  org.springframework.web.servlet.DispatcherServlet - FrameworkServlet 'dispatcherServlet': initialization completed in 32 ms
