2016-09-01 15:09:01.779 [main] INFO  number.Start - Starting Start on zhoutao-PC with PID 7956 (D:\office\OSChinaWorkSpace\Number\target\classes started by zhoutao in D:\office\OSChinaWorkSpace\Number)
2016-09-01 15:09:01.791 [main] INFO  number.Start - No profiles are active
2016-09-01 15:09:01.964 [main] INFO  o.s.b.c.e.AnnotationConfigEmbeddedWebApplicationContext - Refreshing org.springframework.boot.context.embedded.AnnotationConfigEmbeddedWebApplicationContext@2f01783a: startup date [Thu Sep 01 15:09:01 CST 2016]; root of context hierarchy
2016-09-01 15:09:02.182 [pool-1-thread-1] INFO  org.hibernate.validator.internal.util.Version - HV000001: Hibernate Validator 5.2.2.Final
2016-09-01 15:09:03.924 [main] INFO  o.s.b.factory.support.DefaultListableBeanFactory - Overriding bean definition for bean 'beanNameViewResolver' with a different definition: replacing [Root bean: class [null]; scope=; abstract=false; lazyInit=false; autowireMode=3; dependencyCheck=0; autowireCandidate=true; primary=false; factoryBeanName=org.springframework.boot.autoconfigure.web.ErrorMvcAutoConfiguration$WhitelabelErrorViewConfiguration; factoryMethodName=beanNameViewResolver; initMethodName=null; destroyMethodName=(inferred); defined in class path resource [org/springframework/boot/autoconfigure/web/ErrorMvcAutoConfiguration$WhitelabelErrorViewConfiguration.class]] with [Root bean: class [null]; scope=; abstract=false; lazyInit=false; autowireMode=3; dependencyCheck=0; autowireCandidate=true; primary=false; factoryBeanName=org.springframework.boot.autoconfigure.web.WebMvcAutoConfiguration$WebMvcAutoConfigurationAdapter; factoryMethodName=beanNameViewResolver; initMethodName=null; destroyMethodName=(inferred); defined in class path resource [org/springframework/boot/autoconfigure/web/WebMvcAutoConfiguration$WebMvcAutoConfigurationAdapter.class]]
2016-09-01 15:09:05.218 [main] INFO  o.s.c.s.PostProcessorRegistrationDelegate$BeanPostProcessorChecker - Bean 'org.springframework.transaction.annotation.ProxyTransactionManagementConfiguration' of type [class org.springframework.transaction.annotation.ProxyTransactionManagementConfiguration$$EnhancerBySpringCGLIB$$149ece2] is not eligible for getting processed by all BeanPostProcessors (for example: not eligible for auto-proxying)
2016-09-01 15:09:06.095 [main] INFO  o.s.b.c.e.tomcat.TomcatEmbeddedServletContainer - Tomcat initialized with port(s): 8082 (http)
2016-09-01 15:09:06.123 [main] INFO  org.apache.catalina.core.StandardService - Starting service Tomcat
2016-09-01 15:09:06.125 [main] INFO  org.apache.catalina.core.StandardEngine - Starting Servlet Engine: Apache Tomcat/8.0.28
2016-09-01 15:09:06.637 [localhost-startStop-1] INFO  org.apache.jasper.servlet.TldScanner - At least one JAR was scanned for TLDs yet contained no TLDs. Enable debug logging for this logger for a complete list of JARs that were scanned but no TLDs were found in them. Skipping unneeded JARs during scanning can improve startup time and JSP compilation time.
2016-09-01 15:09:06.646 [localhost-startStop-1] INFO  o.a.c.core.ContainerBase.[Tomcat].[localhost].[/] - Initializing Spring embedded WebApplicationContext
2016-09-01 15:09:06.646 [localhost-startStop-1] INFO  org.springframework.web.context.ContextLoader - Root WebApplicationContext: initialization completed in 4683 ms
2016-09-01 15:09:07.289 [localhost-startStop-1] INFO  o.s.boot.context.embedded.ServletRegistrationBean - Mapping servlet: 'dispatcherServlet' to [/]
2016-09-01 15:09:07.297 [localhost-startStop-1] INFO  o.s.boot.context.embedded.FilterRegistrationBean - Mapping filter: 'characterEncodingFilter' to: [/*]
2016-09-01 15:09:07.298 [localhost-startStop-1] INFO  o.s.boot.context.embedded.FilterRegistrationBean - Mapping filter: 'hiddenHttpMethodFilter' to: [/*]
2016-09-01 15:09:07.298 [localhost-startStop-1] INFO  o.s.boot.context.embedded.FilterRegistrationBean - Mapping filter: 'httpPutFormContentFilter' to: [/*]
2016-09-01 15:09:07.299 [localhost-startStop-1] INFO  o.s.boot.context.embedded.FilterRegistrationBean - Mapping filter: 'requestContextFilter' to: [/*]
2016-09-01 15:09:07.788 [main] INFO  o.s.orm.jpa.LocalContainerEntityManagerFactoryBean - Building JPA container EntityManagerFactory for persistence unit 'default'
2016-09-01 15:09:07.805 [main] INFO  org.hibernate.jpa.internal.util.LogHelper - HHH000204: Processing PersistenceUnitInfo [
	name: default
	...]
2016-09-01 15:09:07.941 [main] INFO  org.hibernate.Version - HHH000412: Hibernate Core {4.3.11.Final}
2016-09-01 15:09:07.944 [main] INFO  org.hibernate.cfg.Environment - HHH000206: hibernate.properties not found
2016-09-01 15:09:07.946 [main] INFO  org.hibernate.cfg.Environment - HHH000021: Bytecode provider name : javassist
2016-09-01 15:09:08.412 [main] INFO  org.hibernate.annotations.common.Version - HCANN000001: Hibernate Commons Annotations {4.0.5.Final}
2016-09-01 15:09:09.278 [main] INFO  org.hibernate.dialect.Dialect - HHH000400: Using dialect: org.hibernate.dialect.MySQL5Dialect
2016-09-01 15:09:09.708 [main] INFO  o.h.hql.internal.ast.ASTQueryTranslatorFactory - HHH000397: Using ASTQueryTranslatorFactory
2016-09-01 15:09:10.065 [main] INFO  org.hibernate.tool.hbm2ddl.SchemaUpdate - HHH000228: Running hbm2ddl schema update
2016-09-01 15:09:10.065 [main] INFO  org.hibernate.tool.hbm2ddl.SchemaUpdate - HHH000102: Fetching database metadata
2016-09-01 15:09:10.068 [main] INFO  org.hibernate.tool.hbm2ddl.SchemaUpdate - HHH000396: Updating schema
2016-09-01 15:09:10.099 [main] INFO  org.hibernate.tool.hbm2ddl.TableMetadata - HHH000261: Table found: number.number_of_car
2016-09-01 15:09:10.099 [main] INFO  org.hibernate.tool.hbm2ddl.TableMetadata - HHH000037: Columns: [province, city, count, county, company, id, create_date, car_type]
2016-09-01 15:09:10.099 [main] INFO  org.hibernate.tool.hbm2ddl.TableMetadata - HHH000108: Foreign keys: []
2016-09-01 15:09:10.100 [main] INFO  org.hibernate.tool.hbm2ddl.TableMetadata - HHH000126: Indexes: [primary]
2016-09-01 15:09:10.102 [main] INFO  org.hibernate.tool.hbm2ddl.SchemaUpdate - HHH000232: Schema update complete
2016-09-01 15:09:11.021 [main] INFO  o.s.w.s.m.m.a.RequestMappingHandlerAdapter - Looking for @ControllerAdvice: org.springframework.boot.context.embedded.AnnotationConfigEmbeddedWebApplicationContext@2f01783a: startup date [Thu Sep 01 15:09:01 CST 2016]; root of context hierarchy
2016-09-01 15:09:11.167 [main] INFO  o.s.w.s.m.m.a.RequestMappingHandlerMapping - Mapped "{[/save.do]}" onto public java.lang.String number.controller.NumberOfCarController.save(java.lang.String,java.lang.String,java.lang.String,java.lang.String,int)
2016-09-01 15:09:11.169 [main] INFO  o.s.w.s.m.m.a.RequestMappingHandlerMapping - Mapped "{[/login]}" onto public java.lang.String number.controller.NumberOfCarController.login(javax.servlet.http.HttpServletRequest)
2016-09-01 15:09:11.170 [main] INFO  o.s.w.s.m.m.a.RequestMappingHandlerMapping - Mapped "{[/findCompany.do]}" onto public java.lang.String number.controller.NumberOfCarController.findCompany(java.lang.String,java.lang.String,java.lang.String)
2016-09-01 15:09:11.175 [main] INFO  o.s.w.s.m.m.a.RequestMappingHandlerMapping - Mapped "{[/error]}" onto public org.springframework.http.ResponseEntity<java.util.Map<java.lang.String, java.lang.Object>> org.springframework.boot.autoconfigure.web.BasicErrorController.error(javax.servlet.http.HttpServletRequest)
2016-09-01 15:09:11.175 [main] INFO  o.s.w.s.m.m.a.RequestMappingHandlerMapping - Mapped "{[/error],produces=[text/html]}" onto public org.springframework.web.servlet.ModelAndView org.springframework.boot.autoconfigure.web.BasicErrorController.errorHtml(javax.servlet.http.HttpServletRequest)
2016-09-01 15:09:11.250 [main] INFO  o.s.web.servlet.handler.SimpleUrlHandlerMapping - Mapped URL path [/webjars/**] onto handler of type [class org.springframework.web.servlet.resource.ResourceHttpRequestHandler]
2016-09-01 15:09:11.251 [main] INFO  o.s.web.servlet.handler.SimpleUrlHandlerMapping - Mapped URL path [/**] onto handler of type [class org.springframework.web.servlet.resource.ResourceHttpRequestHandler]
2016-09-01 15:09:11.344 [main] INFO  o.s.web.servlet.handler.SimpleUrlHandlerMapping - Mapped URL path [/**/favicon.ico] onto handler of type [class org.springframework.web.servlet.resource.ResourceHttpRequestHandler]
2016-09-01 15:09:12.027 [main] INFO  o.s.jmx.export.annotation.AnnotationMBeanExporter - Registering beans for JMX exposure on startup
2016-09-01 15:09:12.082 [main] INFO  org.apache.coyote.http11.Http11NioProtocol - Initializing ProtocolHandler ["http-nio-8082"]
2016-09-01 15:09:12.101 [main] INFO  org.apache.coyote.http11.Http11NioProtocol - Starting ProtocolHandler ["http-nio-8082"]
2016-09-01 15:09:12.123 [main] INFO  org.apache.tomcat.util.net.NioSelectorPool - Using a shared selector for servlet write/read
2016-09-01 15:09:12.200 [main] INFO  o.s.b.c.e.tomcat.TomcatEmbeddedServletContainer - Tomcat started on port(s): 8082 (http)
2016-09-01 15:09:12.210 [main] INFO  number.Start - Started Start in 11.207 seconds (JVM running for 11.934)
2016-09-01 15:09:33.098 [http-nio-8082-exec-1] INFO  o.a.c.core.ContainerBase.[Tomcat].[localhost].[/] - Initializing Spring FrameworkServlet 'dispatcherServlet'
2016-09-01 15:09:33.098 [http-nio-8082-exec-1] INFO  org.springframework.web.servlet.DispatcherServlet - FrameworkServlet 'dispatcherServlet': initialization started
2016-09-01 15:09:33.126 [http-nio-8082-exec-1] INFO  org.springframework.web.servlet.DispatcherServlet - FrameworkServlet 'dispatcherServlet': initialization completed in 28 ms
2016-09-01 20:03:45.781 [main] INFO  number.Start - Starting Start on zhoutao-PC with PID 5156 (D:\office\OSChinaWorkSpace\Number\target\classes started by zhoutao in D:\office\OSChinaWorkSpace\Number)
2016-09-01 20:03:45.787 [main] INFO  number.Start - No profiles are active
2016-09-01 20:03:45.850 [pool-1-thread-1] INFO  org.hibernate.validator.internal.util.Version - HV000001: Hibernate Validator 5.2.2.Final
2016-09-01 20:03:45.914 [main] INFO  o.s.b.c.e.AnnotationConfigEmbeddedWebApplicationContext - Refreshing org.springframework.boot.context.embedded.AnnotationConfigEmbeddedWebApplicationContext@235ecd9f: startup date [Thu Sep 01 20:03:45 CST 2016]; root of context hierarchy
2016-09-01 20:03:47.490 [main] INFO  o.s.b.factory.support.DefaultListableBeanFactory - Overriding bean definition for bean 'beanNameViewResolver' with a different definition: replacing [Root bean: class [null]; scope=; abstract=false; lazyInit=false; autowireMode=3; dependencyCheck=0; autowireCandidate=true; primary=false; factoryBeanName=org.springframework.boot.autoconfigure.web.ErrorMvcAutoConfiguration$WhitelabelErrorViewConfiguration; factoryMethodName=beanNameViewResolver; initMethodName=null; destroyMethodName=(inferred); defined in class path resource [org/springframework/boot/autoconfigure/web/ErrorMvcAutoConfiguration$WhitelabelErrorViewConfiguration.class]] with [Root bean: class [null]; scope=; abstract=false; lazyInit=false; autowireMode=3; dependencyCheck=0; autowireCandidate=true; primary=false; factoryBeanName=org.springframework.boot.autoconfigure.web.WebMvcAutoConfiguration$WebMvcAutoConfigurationAdapter; factoryMethodName=beanNameViewResolver; initMethodName=null; destroyMethodName=(inferred); defined in class path resource [org/springframework/boot/autoconfigure/web/WebMvcAutoConfiguration$WebMvcAutoConfigurationAdapter.class]]
2016-09-01 20:03:48.597 [main] INFO  o.s.c.s.PostProcessorRegistrationDelegate$BeanPostProcessorChecker - Bean 'org.springframework.transaction.annotation.ProxyTransactionManagementConfiguration' of type [class org.springframework.transaction.annotation.ProxyTransactionManagementConfiguration$$EnhancerBySpringCGLIB$$b3ce2d8e] is not eligible for getting processed by all BeanPostProcessors (for example: not eligible for auto-proxying)
2016-09-01 20:03:49.412 [main] INFO  o.s.b.c.e.tomcat.TomcatEmbeddedServletContainer - Tomcat initialized with port(s): 8082 (http)
2016-09-01 20:03:49.435 [main] INFO  org.apache.catalina.core.StandardService - Starting service Tomcat
2016-09-01 20:03:49.436 [main] INFO  org.apache.catalina.core.StandardEngine - Starting Servlet Engine: Apache Tomcat/8.0.28
2016-09-01 20:03:49.938 [localhost-startStop-1] INFO  org.apache.jasper.servlet.TldScanner - At least one JAR was scanned for TLDs yet contained no TLDs. Enable debug logging for this logger for a complete list of JARs that were scanned but no TLDs were found in them. Skipping unneeded JARs during scanning can improve startup time and JSP compilation time.
2016-09-01 20:03:49.943 [localhost-startStop-1] INFO  o.a.c.core.ContainerBase.[Tomcat].[localhost].[/] - Initializing Spring embedded WebApplicationContext
2016-09-01 20:03:49.943 [localhost-startStop-1] INFO  org.springframework.web.context.ContextLoader - Root WebApplicationContext: initialization completed in 4029 ms
2016-09-01 20:03:50.480 [localhost-startStop-1] INFO  o.s.boot.context.embedded.ServletRegistrationBean - Mapping servlet: 'dispatcherServlet' to [/]
2016-09-01 20:03:50.487 [localhost-startStop-1] INFO  o.s.boot.context.embedded.FilterRegistrationBean - Mapping filter: 'characterEncodingFilter' to: [/*]
2016-09-01 20:03:50.488 [localhost-startStop-1] INFO  o.s.boot.context.embedded.FilterRegistrationBean - Mapping filter: 'hiddenHttpMethodFilter' to: [/*]
2016-09-01 20:03:50.488 [localhost-startStop-1] INFO  o.s.boot.context.embedded.FilterRegistrationBean - Mapping filter: 'httpPutFormContentFilter' to: [/*]
2016-09-01 20:03:50.488 [localhost-startStop-1] INFO  o.s.boot.context.embedded.FilterRegistrationBean - Mapping filter: 'requestContextFilter' to: [/*]
2016-09-01 20:03:51.060 [main] INFO  o.s.orm.jpa.LocalContainerEntityManagerFactoryBean - Building JPA container EntityManagerFactory for persistence unit 'default'
2016-09-01 20:03:51.077 [main] INFO  org.hibernate.jpa.internal.util.LogHelper - HHH000204: Processing PersistenceUnitInfo [
	name: default
	...]
2016-09-01 20:03:51.212 [main] INFO  org.hibernate.Version - HHH000412: Hibernate Core {4.3.11.Final}
2016-09-01 20:03:51.216 [main] INFO  org.hibernate.cfg.Environment - HHH000206: hibernate.properties not found
2016-09-01 20:03:51.219 [main] INFO  org.hibernate.cfg.Environment - HHH000021: Bytecode provider name : javassist
2016-09-01 20:03:51.564 [main] INFO  org.hibernate.annotations.common.Version - HCANN000001: Hibernate Commons Annotations {4.0.5.Final}
2016-09-01 20:03:52.076 [main] INFO  org.hibernate.dialect.Dialect - HHH000400: Using dialect: org.hibernate.dialect.MySQL5Dialect
2016-09-01 20:03:52.373 [main] INFO  o.h.hql.internal.ast.ASTQueryTranslatorFactory - HHH000397: Using ASTQueryTranslatorFactory
2016-09-01 20:03:52.701 [main] INFO  org.hibernate.tool.hbm2ddl.SchemaUpdate - HHH000228: Running hbm2ddl schema update
2016-09-01 20:03:52.701 [main] INFO  org.hibernate.tool.hbm2ddl.SchemaUpdate - HHH000102: Fetching database metadata
2016-09-01 20:03:52.704 [main] INFO  org.hibernate.tool.hbm2ddl.SchemaUpdate - HHH000396: Updating schema
2016-09-01 20:03:52.733 [main] INFO  org.hibernate.tool.hbm2ddl.TableMetadata - HHH000261: Table found: number.number_of_car
2016-09-01 20:03:52.734 [main] INFO  org.hibernate.tool.hbm2ddl.TableMetadata - HHH000037: Columns: [province, city, count, county, company, id, create_date, car_type]
2016-09-01 20:03:52.734 [main] INFO  org.hibernate.tool.hbm2ddl.TableMetadata - HHH000108: Foreign keys: []
2016-09-01 20:03:52.734 [main] INFO  org.hibernate.tool.hbm2ddl.TableMetadata - HHH000126: Indexes: [primary]
2016-09-01 20:03:52.736 [main] INFO  org.hibernate.tool.hbm2ddl.SchemaUpdate - HHH000232: Schema update complete
2016-09-01 20:03:53.583 [main] INFO  o.s.w.s.m.m.a.RequestMappingHandlerAdapter - Looking for @ControllerAdvice: org.springframework.boot.context.embedded.AnnotationConfigEmbeddedWebApplicationContext@235ecd9f: startup date [Thu Sep 01 20:03:45 CST 2016]; root of context hierarchy
2016-09-01 20:03:53.742 [main] INFO  o.s.w.s.m.m.a.RequestMappingHandlerMapping - Mapped "{[/save.do]}" onto public java.lang.String number.controller.NumberOfCarController.save(java.lang.String,java.lang.String,java.lang.String,java.lang.String,int)
2016-09-01 20:03:53.744 [main] INFO  o.s.w.s.m.m.a.RequestMappingHandlerMapping - Mapped "{[/login]}" onto public java.lang.String number.controller.NumberOfCarController.login(javax.servlet.http.HttpServletRequest)
2016-09-01 20:03:53.744 [main] INFO  o.s.w.s.m.m.a.RequestMappingHandlerMapping - Mapped "{[/findCompany.do]}" onto public java.lang.String number.controller.NumberOfCarController.findCompany(java.lang.String,java.lang.String,java.lang.String)
2016-09-01 20:03:53.747 [main] INFO  o.s.w.s.m.m.a.RequestMappingHandlerMapping - Mapped "{[/error]}" onto public org.springframework.http.ResponseEntity<java.util.Map<java.lang.String, java.lang.Object>> org.springframework.boot.autoconfigure.web.BasicErrorController.error(javax.servlet.http.HttpServletRequest)
2016-09-01 20:03:53.748 [main] INFO  o.s.w.s.m.m.a.RequestMappingHandlerMapping - Mapped "{[/error],produces=[text/html]}" onto public org.springframework.web.servlet.ModelAndView org.springframework.boot.autoconfigure.web.BasicErrorController.errorHtml(javax.servlet.http.HttpServletRequest)
2016-09-01 20:03:53.803 [main] INFO  o.s.web.servlet.handler.SimpleUrlHandlerMapping - Mapped URL path [/webjars/**] onto handler of type [class org.springframework.web.servlet.resource.ResourceHttpRequestHandler]
2016-09-01 20:03:53.804 [main] INFO  o.s.web.servlet.handler.SimpleUrlHandlerMapping - Mapped URL path [/**] onto handler of type [class org.springframework.web.servlet.resource.ResourceHttpRequestHandler]
2016-09-01 20:03:53.879 [main] INFO  o.s.web.servlet.handler.SimpleUrlHandlerMapping - Mapped URL path [/**/favicon.ico] onto handler of type [class org.springframework.web.servlet.resource.ResourceHttpRequestHandler]
2016-09-01 20:03:54.648 [main] INFO  o.s.jmx.export.annotation.AnnotationMBeanExporter - Registering beans for JMX exposure on startup
2016-09-01 20:03:54.704 [main] INFO  org.apache.coyote.http11.Http11NioProtocol - Initializing ProtocolHandler ["http-nio-8082"]
2016-09-01 20:03:54.723 [main] INFO  org.apache.coyote.http11.Http11NioProtocol - Starting ProtocolHandler ["http-nio-8082"]
2016-09-01 20:03:54.756 [main] INFO  org.apache.tomcat.util.net.NioSelectorPool - Using a shared selector for servlet write/read
2016-09-01 20:03:54.822 [main] INFO  o.s.b.c.e.tomcat.TomcatEmbeddedServletContainer - Tomcat started on port(s): 8082 (http)
2016-09-01 20:03:54.833 [main] INFO  number.Start - Started Start in 9.921 seconds (JVM running for 10.611)
2016-09-01 20:04:11.250 [http-nio-8082-exec-1] INFO  o.a.c.core.ContainerBase.[Tomcat].[localhost].[/] - Initializing Spring FrameworkServlet 'dispatcherServlet'
2016-09-01 20:04:11.250 [http-nio-8082-exec-1] INFO  org.springframework.web.servlet.DispatcherServlet - FrameworkServlet 'dispatcherServlet': initialization started
2016-09-01 20:04:11.288 [http-nio-8082-exec-1] INFO  org.springframework.web.servlet.DispatcherServlet - FrameworkServlet 'dispatcherServlet': initialization completed in 38 ms
2016-09-01 21:17:29.533 [main] INFO  number.Start - Starting Start on zhoutao-PC with PID 4888 (D:\office\OSChinaWorkSpace\Number\target\classes started by zhoutao in D:\office\OSChinaWorkSpace\Number)
2016-09-01 21:17:29.580 [main] INFO  number.Start - No profiles are active
2016-09-01 21:17:29.745 [main] INFO  o.s.b.c.e.AnnotationConfigEmbeddedWebApplicationContext - Refreshing org.springframework.boot.context.embedded.AnnotationConfigEmbeddedWebApplicationContext@5f9edf14: startup date [Thu Sep 01 21:17:29 CST 2016]; root of context hierarchy
2016-09-01 21:17:29.809 [pool-1-thread-1] INFO  org.hibernate.validator.internal.util.Version - HV000001: Hibernate Validator 5.2.2.Final
2016-09-01 21:17:31.595 [main] INFO  o.s.b.factory.support.DefaultListableBeanFactory - Overriding bean definition for bean 'beanNameViewResolver' with a different definition: replacing [Root bean: class [null]; scope=; abstract=false; lazyInit=false; autowireMode=3; dependencyCheck=0; autowireCandidate=true; primary=false; factoryBeanName=org.springframework.boot.autoconfigure.web.ErrorMvcAutoConfiguration$WhitelabelErrorViewConfiguration; factoryMethodName=beanNameViewResolver; initMethodName=null; destroyMethodName=(inferred); defined in class path resource [org/springframework/boot/autoconfigure/web/ErrorMvcAutoConfiguration$WhitelabelErrorViewConfiguration.class]] with [Root bean: class [null]; scope=; abstract=false; lazyInit=false; autowireMode=3; dependencyCheck=0; autowireCandidate=true; primary=false; factoryBeanName=org.springframework.boot.autoconfigure.web.WebMvcAutoConfiguration$WebMvcAutoConfigurationAdapter; factoryMethodName=beanNameViewResolver; initMethodName=null; destroyMethodName=(inferred); defined in class path resource [org/springframework/boot/autoconfigure/web/WebMvcAutoConfiguration$WebMvcAutoConfigurationAdapter.class]]
2016-09-01 21:17:32.919 [main] INFO  o.s.c.s.PostProcessorRegistrationDelegate$BeanPostProcessorChecker - Bean 'org.springframework.transaction.annotation.ProxyTransactionManagementConfiguration' of type [class org.springframework.transaction.annotation.ProxyTransactionManagementConfiguration$$EnhancerBySpringCGLIB$$d21ff82] is not eligible for getting processed by all BeanPostProcessors (for example: not eligible for auto-proxying)
2016-09-01 21:17:34.055 [main] INFO  o.s.b.c.e.tomcat.TomcatEmbeddedServletContainer - Tomcat initialized with port(s): 8082 (http)
2016-09-01 21:17:34.079 [main] INFO  org.apache.catalina.core.StandardService - Starting service Tomcat
2016-09-01 21:17:34.080 [main] INFO  org.apache.catalina.core.StandardEngine - Starting Servlet Engine: Apache Tomcat/8.0.28
2016-09-01 21:17:34.535 [localhost-startStop-1] INFO  org.apache.jasper.servlet.TldScanner - At least one JAR was scanned for TLDs yet contained no TLDs. Enable debug logging for this logger for a complete list of JARs that were scanned but no TLDs were found in them. Skipping unneeded JARs during scanning can improve startup time and JSP compilation time.
2016-09-01 21:17:34.540 [localhost-startStop-1] INFO  o.a.c.core.ContainerBase.[Tomcat].[localhost].[/] - Initializing Spring embedded WebApplicationContext
2016-09-01 21:17:34.541 [localhost-startStop-1] INFO  org.springframework.web.context.ContextLoader - Root WebApplicationContext: initialization completed in 4796 ms
2016-09-01 21:17:35.403 [localhost-startStop-1] INFO  o.s.boot.context.embedded.ServletRegistrationBean - Mapping servlet: 'dispatcherServlet' to [/]
2016-09-01 21:17:35.413 [localhost-startStop-1] INFO  o.s.boot.context.embedded.FilterRegistrationBean - Mapping filter: 'characterEncodingFilter' to: [/*]
2016-09-01 21:17:35.414 [localhost-startStop-1] INFO  o.s.boot.context.embedded.FilterRegistrationBean - Mapping filter: 'hiddenHttpMethodFilter' to: [/*]
2016-09-01 21:17:35.414 [localhost-startStop-1] INFO  o.s.boot.context.embedded.FilterRegistrationBean - Mapping filter: 'httpPutFormContentFilter' to: [/*]
2016-09-01 21:17:35.414 [localhost-startStop-1] INFO  o.s.boot.context.embedded.FilterRegistrationBean - Mapping filter: 'requestContextFilter' to: [/*]
2016-09-01 21:17:36.044 [main] INFO  o.s.orm.jpa.LocalContainerEntityManagerFactoryBean - Building JPA container EntityManagerFactory for persistence unit 'default'
2016-09-01 21:17:36.063 [main] INFO  org.hibernate.jpa.internal.util.LogHelper - HHH000204: Processing PersistenceUnitInfo [
	name: default
	...]
2016-09-01 21:17:36.216 [main] INFO  org.hibernate.Version - HHH000412: Hibernate Core {4.3.11.Final}
2016-09-01 21:17:36.219 [main] INFO  org.hibernate.cfg.Environment - HHH000206: hibernate.properties not found
2016-09-01 21:17:36.222 [main] INFO  org.hibernate.cfg.Environment - HHH000021: Bytecode provider name : javassist
2016-09-01 21:17:36.716 [main] INFO  org.hibernate.annotations.common.Version - HCANN000001: Hibernate Commons Annotations {4.0.5.Final}
2016-09-01 21:17:37.244 [main] INFO  org.hibernate.dialect.Dialect - HHH000400: Using dialect: org.hibernate.dialect.MySQL5Dialect
2016-09-01 21:17:37.592 [main] INFO  o.h.hql.internal.ast.ASTQueryTranslatorFactory - HHH000397: Using ASTQueryTranslatorFactory
2016-09-01 21:17:37.951 [main] INFO  org.hibernate.tool.hbm2ddl.SchemaUpdate - HHH000228: Running hbm2ddl schema update
2016-09-01 21:17:37.951 [main] INFO  org.hibernate.tool.hbm2ddl.SchemaUpdate - HHH000102: Fetching database metadata
2016-09-01 21:17:37.954 [main] INFO  org.hibernate.tool.hbm2ddl.SchemaUpdate - HHH000396: Updating schema
2016-09-01 21:17:37.985 [main] INFO  org.hibernate.tool.hbm2ddl.TableMetadata - HHH000261: Table found: number.number_of_car
2016-09-01 21:17:37.985 [main] INFO  org.hibernate.tool.hbm2ddl.TableMetadata - HHH000037: Columns: [province, city, count, county, company, id, create_date, car_type]
2016-09-01 21:17:37.985 [main] INFO  org.hibernate.tool.hbm2ddl.TableMetadata - HHH000108: Foreign keys: []
2016-09-01 21:17:37.985 [main] INFO  org.hibernate.tool.hbm2ddl.TableMetadata - HHH000126: Indexes: [primary]
2016-09-01 21:17:37.987 [main] INFO  org.hibernate.tool.hbm2ddl.SchemaUpdate - HHH000232: Schema update complete
2016-09-01 21:17:38.831 [main] INFO  o.s.w.s.m.m.a.RequestMappingHandlerAdapter - Looking for @ControllerAdvice: org.springframework.boot.context.embedded.AnnotationConfigEmbeddedWebApplicationContext@5f9edf14: startup date [Thu Sep 01 21:17:29 CST 2016]; root of context hierarchy
2016-09-01 21:17:38.986 [main] INFO  o.s.w.s.m.m.a.RequestMappingHandlerMapping - Mapped "{[/save.do]}" onto public java.lang.String number.controller.NumberOfCarController.save(java.lang.String,java.lang.String,java.lang.String,java.lang.String,int)
2016-09-01 21:17:38.987 [main] INFO  o.s.w.s.m.m.a.RequestMappingHandlerMapping - Mapped "{[/login]}" onto public java.lang.String number.controller.NumberOfCarController.login(javax.servlet.http.HttpServletRequest)
2016-09-01 21:17:38.988 [main] INFO  o.s.w.s.m.m.a.RequestMappingHandlerMapping - Mapped "{[/findByAll.do]}" onto public java.lang.String number.controller.NumberOfCarController.findData(java.lang.String,java.lang.String,java.lang.String,java.lang.String)
2016-09-01 21:17:38.988 [main] INFO  o.s.w.s.m.m.a.RequestMappingHandlerMapping - Mapped "{[/findCompany.do]}" onto public java.lang.String number.controller.NumberOfCarController.findCompany(java.lang.String,java.lang.String,java.lang.String)
2016-09-01 21:17:38.993 [main] INFO  o.s.w.s.m.m.a.RequestMappingHandlerMapping - Mapped "{[/error]}" onto public org.springframework.http.ResponseEntity<java.util.Map<java.lang.String, java.lang.Object>> org.springframework.boot.autoconfigure.web.BasicErrorController.error(javax.servlet.http.HttpServletRequest)
2016-09-01 21:17:38.994 [main] INFO  o.s.w.s.m.m.a.RequestMappingHandlerMapping - Mapped "{[/error],produces=[text/html]}" onto public org.springframework.web.servlet.ModelAndView org.springframework.boot.autoconfigure.web.BasicErrorController.errorHtml(javax.servlet.http.HttpServletRequest)
2016-09-01 21:17:39.070 [main] INFO  o.s.web.servlet.handler.SimpleUrlHandlerMapping - Mapped URL path [/webjars/**] onto handler of type [class org.springframework.web.servlet.resource.ResourceHttpRequestHandler]
2016-09-01 21:17:39.071 [main] INFO  o.s.web.servlet.handler.SimpleUrlHandlerMapping - Mapped URL path [/**] onto handler of type [class org.springframework.web.servlet.resource.ResourceHttpRequestHandler]
2016-09-01 21:17:39.153 [main] INFO  o.s.web.servlet.handler.SimpleUrlHandlerMapping - Mapped URL path [/**/favicon.ico] onto handler of type [class org.springframework.web.servlet.resource.ResourceHttpRequestHandler]
2016-09-01 21:17:39.859 [main] INFO  o.s.jmx.export.annotation.AnnotationMBeanExporter - Registering beans for JMX exposure on startup
2016-09-01 21:17:39.934 [main] INFO  org.apache.coyote.http11.Http11NioProtocol - Initializing ProtocolHandler ["http-nio-8082"]
2016-09-01 21:17:40.029 [main] INFO  org.apache.coyote.http11.Http11NioProtocol - Starting ProtocolHandler ["http-nio-8082"]
2016-09-01 21:17:40.094 [main] INFO  org.apache.tomcat.util.net.NioSelectorPool - Using a shared selector for servlet write/read
2016-09-01 21:17:40.229 [main] INFO  o.s.b.c.e.tomcat.TomcatEmbeddedServletContainer - Tomcat started on port(s): 8082 (http)
2016-09-01 21:17:40.250 [main] INFO  number.Start - Started Start in 11.668 seconds (JVM running for 12.53)
2016-09-01 21:17:43.406 [http-nio-8082-exec-1] INFO  o.a.c.core.ContainerBase.[Tomcat].[localhost].[/] - Initializing Spring FrameworkServlet 'dispatcherServlet'
2016-09-01 21:17:43.406 [http-nio-8082-exec-1] INFO  org.springframework.web.servlet.DispatcherServlet - FrameworkServlet 'dispatcherServlet': initialization started
2016-09-01 21:17:43.451 [http-nio-8082-exec-1] INFO  org.springframework.web.servlet.DispatcherServlet - FrameworkServlet 'dispatcherServlet': initialization completed in 45 ms
2016-09-01 21:29:24.090 [main] INFO  number.Start - Starting Start on zhoutao-PC with PID 4788 (D:\office\OSChinaWorkSpace\Number\target\classes started by zhoutao in D:\office\OSChinaWorkSpace\Number)
2016-09-01 21:29:24.100 [main] INFO  number.Start - No profiles are active
2016-09-01 21:29:24.187 [main] INFO  o.s.b.c.e.AnnotationConfigEmbeddedWebApplicationContext - Refreshing org.springframework.boot.context.embedded.AnnotationConfigEmbeddedWebApplicationContext@54e041a4: startup date [Thu Sep 01 21:29:24 CST 2016]; root of context hierarchy
2016-09-01 21:29:24.637 [pool-1-thread-1] INFO  org.hibernate.validator.internal.util.Version - HV000001: Hibernate Validator 5.2.2.Final
2016-09-01 21:29:26.060 [main] INFO  o.s.b.factory.support.DefaultListableBeanFactory - Overriding bean definition for bean 'beanNameViewResolver' with a different definition: replacing [Root bean: class [null]; scope=; abstract=false; lazyInit=false; autowireMode=3; dependencyCheck=0; autowireCandidate=true; primary=false; factoryBeanName=org.springframework.boot.autoconfigure.web.ErrorMvcAutoConfiguration$WhitelabelErrorViewConfiguration; factoryMethodName=beanNameViewResolver; initMethodName=null; destroyMethodName=(inferred); defined in class path resource [org/springframework/boot/autoconfigure/web/ErrorMvcAutoConfiguration$WhitelabelErrorViewConfiguration.class]] with [Root bean: class [null]; scope=; abstract=false; lazyInit=false; autowireMode=3; dependencyCheck=0; autowireCandidate=true; primary=false; factoryBeanName=org.springframework.boot.autoconfigure.web.WebMvcAutoConfiguration$WebMvcAutoConfigurationAdapter; factoryMethodName=beanNameViewResolver; initMethodName=null; destroyMethodName=(inferred); defined in class path resource [org/springframework/boot/autoconfigure/web/WebMvcAutoConfiguration$WebMvcAutoConfigurationAdapter.class]]
2016-09-01 21:29:27.127 [main] INFO  o.s.c.s.PostProcessorRegistrationDelegate$BeanPostProcessorChecker - Bean 'org.springframework.transaction.annotation.ProxyTransactionManagementConfiguration' of type [class org.springframework.transaction.annotation.ProxyTransactionManagementConfiguration$$EnhancerBySpringCGLIB$$90b99aa1] is not eligible for getting processed by all BeanPostProcessors (for example: not eligible for auto-proxying)
2016-09-01 21:29:28.086 [main] INFO  o.s.b.c.e.tomcat.TomcatEmbeddedServletContainer - Tomcat initialized with port(s): 8082 (http)
2016-09-01 21:29:28.110 [main] INFO  org.apache.catalina.core.StandardService - Starting service Tomcat
2016-09-01 21:29:28.112 [main] INFO  org.apache.catalina.core.StandardEngine - Starting Servlet Engine: Apache Tomcat/8.0.28
2016-09-01 21:29:28.615 [localhost-startStop-1] INFO  org.apache.jasper.servlet.TldScanner - At least one JAR was scanned for TLDs yet contained no TLDs. Enable debug logging for this logger for a complete list of JARs that were scanned but no TLDs were found in them. Skipping unneeded JARs during scanning can improve startup time and JSP compilation time.
2016-09-01 21:29:28.621 [localhost-startStop-1] INFO  o.a.c.core.ContainerBase.[Tomcat].[localhost].[/] - Initializing Spring embedded WebApplicationContext
2016-09-01 21:29:28.622 [localhost-startStop-1] INFO  org.springframework.web.context.ContextLoader - Root WebApplicationContext: initialization completed in 4435 ms
2016-09-01 21:29:29.219 [localhost-startStop-1] INFO  o.s.boot.context.embedded.ServletRegistrationBean - Mapping servlet: 'dispatcherServlet' to [/]
2016-09-01 21:29:29.227 [localhost-startStop-1] INFO  o.s.boot.context.embedded.FilterRegistrationBean - Mapping filter: 'characterEncodingFilter' to: [/*]
2016-09-01 21:29:29.228 [localhost-startStop-1] INFO  o.s.boot.context.embedded.FilterRegistrationBean - Mapping filter: 'hiddenHttpMethodFilter' to: [/*]
2016-09-01 21:29:29.229 [localhost-startStop-1] INFO  o.s.boot.context.embedded.FilterRegistrationBean - Mapping filter: 'httpPutFormContentFilter' to: [/*]
2016-09-01 21:29:29.229 [localhost-startStop-1] INFO  o.s.boot.context.embedded.FilterRegistrationBean - Mapping filter: 'requestContextFilter' to: [/*]
2016-09-01 21:29:29.773 [main] INFO  o.s.orm.jpa.LocalContainerEntityManagerFactoryBean - Building JPA container EntityManagerFactory for persistence unit 'default'
2016-09-01 21:29:29.790 [main] INFO  org.hibernate.jpa.internal.util.LogHelper - HHH000204: Processing PersistenceUnitInfo [
	name: default
	...]
2016-09-01 21:29:29.932 [main] INFO  org.hibernate.Version - HHH000412: Hibernate Core {4.3.11.Final}
2016-09-01 21:29:29.935 [main] INFO  org.hibernate.cfg.Environment - HHH000206: hibernate.properties not found
2016-09-01 21:29:29.938 [main] INFO  org.hibernate.cfg.Environment - HHH000021: Bytecode provider name : javassist
2016-09-01 21:29:30.364 [main] INFO  org.hibernate.annotations.common.Version - HCANN000001: Hibernate Commons Annotations {4.0.5.Final}
2016-09-01 21:29:30.854 [main] INFO  org.hibernate.dialect.Dialect - HHH000400: Using dialect: org.hibernate.dialect.MySQL5Dialect
2016-09-01 21:29:31.149 [main] INFO  o.h.hql.internal.ast.ASTQueryTranslatorFactory - HHH000397: Using ASTQueryTranslatorFactory
2016-09-01 21:29:31.438 [main] INFO  org.hibernate.tool.hbm2ddl.SchemaUpdate - HHH000228: Running hbm2ddl schema update
2016-09-01 21:29:31.438 [main] INFO  org.hibernate.tool.hbm2ddl.SchemaUpdate - HHH000102: Fetching database metadata
2016-09-01 21:29:31.441 [main] INFO  org.hibernate.tool.hbm2ddl.SchemaUpdate - HHH000396: Updating schema
2016-09-01 21:29:31.468 [main] INFO  org.hibernate.tool.hbm2ddl.TableMetadata - HHH000261: Table found: number.number_of_car
2016-09-01 21:29:31.468 [main] INFO  org.hibernate.tool.hbm2ddl.TableMetadata - HHH000037: Columns: [province, city, count, county, company, id, create_date, car_type]
2016-09-01 21:29:31.468 [main] INFO  org.hibernate.tool.hbm2ddl.TableMetadata - HHH000108: Foreign keys: []
2016-09-01 21:29:31.469 [main] INFO  org.hibernate.tool.hbm2ddl.TableMetadata - HHH000126: Indexes: [primary]
2016-09-01 21:29:31.470 [main] INFO  org.hibernate.tool.hbm2ddl.SchemaUpdate - HHH000232: Schema update complete
2016-09-01 21:29:32.366 [main] INFO  o.s.w.s.m.m.a.RequestMappingHandlerAdapter - Looking for @ControllerAdvice: org.springframework.boot.context.embedded.AnnotationConfigEmbeddedWebApplicationContext@54e041a4: startup date [Thu Sep 01 21:29:24 CST 2016]; root of context hierarchy
2016-09-01 21:29:32.512 [main] INFO  o.s.w.s.m.m.a.RequestMappingHandlerMapping - Mapped "{[/save.do]}" onto public java.lang.String number.controller.NumberOfCarController.save(java.lang.String,java.lang.String,java.lang.String,java.lang.String,int)
2016-09-01 21:29:32.514 [main] INFO  o.s.w.s.m.m.a.RequestMappingHandlerMapping - Mapped "{[/login]}" onto public java.lang.String number.controller.NumberOfCarController.login(javax.servlet.http.HttpServletRequest)
2016-09-01 21:29:32.514 [main] INFO  o.s.w.s.m.m.a.RequestMappingHandlerMapping - Mapped "{[/findByAll.do]}" onto public java.lang.String number.controller.NumberOfCarController.findData(java.lang.String,java.lang.String,java.lang.String,java.lang.String)
2016-09-01 21:29:32.514 [main] INFO  o.s.w.s.m.m.a.RequestMappingHandlerMapping - Mapped "{[/findCompany.do]}" onto public java.lang.String number.controller.NumberOfCarController.findCompany(java.lang.String,java.lang.String,java.lang.String)
2016-09-01 21:29:32.519 [main] INFO  o.s.w.s.m.m.a.RequestMappingHandlerMapping - Mapped "{[/error]}" onto public org.springframework.http.ResponseEntity<java.util.Map<java.lang.String, java.lang.Object>> org.springframework.boot.autoconfigure.web.BasicErrorController.error(javax.servlet.http.HttpServletRequest)
2016-09-01 21:29:32.520 [main] INFO  o.s.w.s.m.m.a.RequestMappingHandlerMapping - Mapped "{[/error],produces=[text/html]}" onto public org.springframework.web.servlet.ModelAndView org.springframework.boot.autoconfigure.web.BasicErrorController.errorHtml(javax.servlet.http.HttpServletRequest)
2016-09-01 21:29:32.583 [main] INFO  o.s.web.servlet.handler.SimpleUrlHandlerMapping - Mapped URL path [/webjars/**] onto handler of type [class org.springframework.web.servlet.resource.ResourceHttpRequestHandler]
2016-09-01 21:29:32.584 [main] INFO  o.s.web.servlet.handler.SimpleUrlHandlerMapping - Mapped URL path [/**] onto handler of type [class org.springframework.web.servlet.resource.ResourceHttpRequestHandler]
2016-09-01 21:29:32.659 [main] INFO  o.s.web.servlet.handler.SimpleUrlHandlerMapping - Mapped URL path [/**/favicon.ico] onto handler of type [class org.springframework.web.servlet.resource.ResourceHttpRequestHandler]
2016-09-01 21:29:33.286 [main] INFO  o.s.jmx.export.annotation.AnnotationMBeanExporter - Registering beans for JMX exposure on startup
2016-09-01 21:29:33.336 [main] INFO  org.apache.coyote.http11.Http11NioProtocol - Initializing ProtocolHandler ["http-nio-8082"]
2016-09-01 21:29:33.355 [main] INFO  org.apache.coyote.http11.Http11NioProtocol - Starting ProtocolHandler ["http-nio-8082"]
2016-09-01 21:29:33.375 [main] INFO  org.apache.tomcat.util.net.NioSelectorPool - Using a shared selector for servlet write/read
2016-09-01 21:29:33.447 [main] INFO  o.s.b.c.e.tomcat.TomcatEmbeddedServletContainer - Tomcat started on port(s): 8082 (http)
2016-09-01 21:29:33.459 [main] INFO  number.Start - Started Start in 10.157 seconds (JVM running for 11.183)
2016-09-01 21:29:38.707 [http-nio-8082-exec-1] INFO  o.a.c.core.ContainerBase.[Tomcat].[localhost].[/] - Initializing Spring FrameworkServlet 'dispatcherServlet'
2016-09-01 21:29:38.707 [http-nio-8082-exec-1] INFO  org.springframework.web.servlet.DispatcherServlet - FrameworkServlet 'dispatcherServlet': initialization started
2016-09-01 21:29:38.736 [http-nio-8082-exec-1] INFO  org.springframework.web.servlet.DispatcherServlet - FrameworkServlet 'dispatcherServlet': initialization completed in 29 ms
2016-09-01 21:35:02.340 [http-nio-8082-exec-5] ERROR o.a.c.c.C.[.[localhost].[/].[dispatcherServlet] - Servlet.service() for servlet [dispatcherServlet] in context with path [] threw exception [Handler processing failed; nested exception is java.lang.NoSuchMethodError: number.dao.NumberOfCarDao.findByProvinceAndCityAndCarTypeAndCompany(Ljava/lang/String;Ljava/lang/String;Ljava/lang/String;Ljava/lang/String;)Lnumber/entry/NumberOfCar;] with root cause
java.lang.NoSuchMethodError: number.dao.NumberOfCarDao.findByProvinceAndCityAndCarTypeAndCompany(Ljava/lang/String;Ljava/lang/String;Ljava/lang/String;Ljava/lang/String;)Lnumber/entry/NumberOfCar;
	at number.controller.NumberOfCarController.save(NumberOfCarController.java:66) ~[classes/:na]
	at sun.reflect.NativeMethodAccessorImpl.invoke0(Native Method) ~[na:1.8.0_91]
	at sun.reflect.NativeMethodAccessorImpl.invoke(NativeMethodAccessorImpl.java:62) ~[na:1.8.0_91]
	at sun.reflect.DelegatingMethodAccessorImpl.invoke(DelegatingMethodAccessorImpl.java:43) ~[na:1.8.0_91]
	at java.lang.reflect.Method.invoke(Method.java:498) ~[na:1.8.0_91]
	at org.springframework.web.method.support.InvocableHandlerMethod.doInvoke(InvocableHandlerMethod.java:222) ~[spring-web-4.2.3.RELEASE.jar:4.2.3.RELEASE]
	at org.springframework.web.method.support.InvocableHandlerMethod.invokeForRequest(InvocableHandlerMethod.java:137) ~[spring-web-4.2.3.RELEASE.jar:4.2.3.RELEASE]
	at org.springframework.web.servlet.mvc.method.annotation.ServletInvocableHandlerMethod.invokeAndHandle(ServletInvocableHandlerMethod.java:110) ~[spring-webmvc-4.2.3.RELEASE.jar:4.2.3.RELEASE]
	at org.springframework.web.servlet.mvc.method.annotation.RequestMappingHandlerAdapter.invokeHandlerMethod(RequestMappingHandlerAdapter.java:814) ~[spring-webmvc-4.2.3.RELEASE.jar:4.2.3.RELEASE]
	at org.springframework.web.servlet.mvc.method.annotation.RequestMappingHandlerAdapter.handleInternal(RequestMappingHandlerAdapter.java:737) ~[spring-webmvc-4.2.3.RELEASE.jar:4.2.3.RELEASE]
	at org.springframework.web.servlet.mvc.method.AbstractHandlerMethodAdapter.handle(AbstractHandlerMethodAdapter.java:85) ~[spring-webmvc-4.2.3.RELEASE.jar:4.2.3.RELEASE]
	at org.springframework.web.servlet.DispatcherServlet.doDispatch(DispatcherServlet.java:959) ~[spring-webmvc-4.2.3.RELEASE.jar:4.2.3.RELEASE]
	at org.springframework.web.servlet.DispatcherServlet.doService(DispatcherServlet.java:893) ~[spring-webmvc-4.2.3.RELEASE.jar:4.2.3.RELEASE]
	at org.springframework.web.servlet.FrameworkServlet.processRequest(FrameworkServlet.java:970) ~[spring-webmvc-4.2.3.RELEASE.jar:4.2.3.RELEASE]
	at org.springframework.web.servlet.FrameworkServlet.doPost(FrameworkServlet.java:872) ~[spring-webmvc-4.2.3.RELEASE.jar:4.2.3.RELEASE]
	at javax.servlet.http.HttpServlet.service(HttpServlet.java:648) ~[tomcat-embed-core-8.0.28.jar:8.0.28]
	at org.springframework.web.servlet.FrameworkServlet.service(FrameworkServlet.java:846) ~[spring-webmvc-4.2.3.RELEASE.jar:4.2.3.RELEASE]
	at javax.servlet.http.HttpServlet.service(HttpServlet.java:729) ~[tomcat-embed-core-8.0.28.jar:8.0.28]
	at org.apache.catalina.core.ApplicationFilterChain.internalDoFilter(ApplicationFilterChain.java:291) ~[tomcat-embed-core-8.0.28.jar:8.0.28]
	at org.apache.catalina.core.ApplicationFilterChain.doFilter(ApplicationFilterChain.java:206) ~[tomcat-embed-core-8.0.28.jar:8.0.28]
	at org.apache.tomcat.websocket.server.WsFilter.doFilter(WsFilter.java:52) ~[tomcat-embed-websocket-8.0.28.jar:8.0.28]
	at org.apache.catalina.core.ApplicationFilterChain.internalDoFilter(ApplicationFilterChain.java:239) ~[tomcat-embed-core-8.0.28.jar:8.0.28]
	at org.apache.catalina.core.ApplicationFilterChain.doFilter(ApplicationFilterChain.java:206) ~[tomcat-embed-core-8.0.28.jar:8.0.28]
	at org.springframework.web.filter.RequestContextFilter.doFilterInternal(RequestContextFilter.java:99) ~[spring-web-4.2.3.RELEASE.jar:4.2.3.RELEASE]
	at org.springframework.web.filter.OncePerRequestFilter.doFilter(OncePerRequestFilter.java:107) ~[spring-web-4.2.3.RELEASE.jar:4.2.3.RELEASE]
	at org.apache.catalina.core.ApplicationFilterChain.internalDoFilter(ApplicationFilterChain.java:239) ~[tomcat-embed-core-8.0.28.jar:8.0.28]
	at org.apache.catalina.core.ApplicationFilterChain.doFilter(ApplicationFilterChain.java:206) ~[tomcat-embed-core-8.0.28.jar:8.0.28]
	at org.springframework.web.filter.HttpPutFormContentFilter.doFilterInternal(HttpPutFormContentFilter.java:87) ~[spring-web-4.2.3.RELEASE.jar:4.2.3.RELEASE]
	at org.springframework.web.filter.OncePerRequestFilter.doFilter(OncePerRequestFilter.java:107) ~[spring-web-4.2.3.RELEASE.jar:4.2.3.RELEASE]
	at org.apache.catalina.core.ApplicationFilterChain.internalDoFilter(ApplicationFilterChain.java:239) ~[tomcat-embed-core-8.0.28.jar:8.0.28]
	at org.apache.catalina.core.ApplicationFilterChain.doFilter(ApplicationFilterChain.java:206) ~[tomcat-embed-core-8.0.28.jar:8.0.28]
	at org.springframework.web.filter.HiddenHttpMethodFilter.doFilterInternal(HiddenHttpMethodFilter.java:77) ~[spring-web-4.2.3.RELEASE.jar:4.2.3.RELEASE]
	at org.springframework.web.filter.OncePerRequestFilter.doFilter(OncePerRequestFilter.java:107) ~[spring-web-4.2.3.RELEASE.jar:4.2.3.RELEASE]
	at org.apache.catalina.core.ApplicationFilterChain.internalDoFilter(ApplicationFilterChain.java:239) ~[tomcat-embed-core-8.0.28.jar:8.0.28]
	at org.apache.catalina.core.ApplicationFilterChain.doFilter(ApplicationFilterChain.java:206) ~[tomcat-embed-core-8.0.28.jar:8.0.28]
	at org.springframework.web.filter.CharacterEncodingFilter.doFilterInternal(CharacterEncodingFilter.java:121) ~[spring-web-4.2.3.RELEASE.jar:4.2.3.RELEASE]
	at org.springframework.web.filter.OncePerRequestFilter.doFilter(OncePerRequestFilter.java:107) ~[spring-web-4.2.3.RELEASE.jar:4.2.3.RELEASE]
	at org.apache.catalina.core.ApplicationFilterChain.internalDoFilter(ApplicationFilterChain.java:239) ~[tomcat-embed-core-8.0.28.jar:8.0.28]
	at org.apache.catalina.core.ApplicationFilterChain.doFilter(ApplicationFilterChain.java:206) ~[tomcat-embed-core-8.0.28.jar:8.0.28]
	at org.apache.catalina.core.StandardWrapperValve.invoke(StandardWrapperValve.java:217) ~[tomcat-embed-core-8.0.28.jar:8.0.28]
	at org.apache.catalina.core.StandardContextValve.invoke(StandardContextValve.java:106) [tomcat-embed-core-8.0.28.jar:8.0.28]
	at org.apache.catalina.authenticator.AuthenticatorBase.invoke(AuthenticatorBase.java:502) [tomcat-embed-core-8.0.28.jar:8.0.28]
	at org.apache.catalina.core.StandardHostValve.invoke(StandardHostValve.java:142) [tomcat-embed-core-8.0.28.jar:8.0.28]
	at org.apache.catalina.valves.ErrorReportValve.invoke(ErrorReportValve.java:79) [tomcat-embed-core-8.0.28.jar:8.0.28]
	at org.apache.catalina.core.StandardEngineValve.invoke(StandardEngineValve.java:88) [tomcat-embed-core-8.0.28.jar:8.0.28]
	at org.apache.catalina.connector.CoyoteAdapter.service(CoyoteAdapter.java:518) [tomcat-embed-core-8.0.28.jar:8.0.28]
	at org.apache.coyote.http11.AbstractHttp11Processor.process(AbstractHttp11Processor.java:1091) [tomcat-embed-core-8.0.28.jar:8.0.28]
	at org.apache.coyote.AbstractProtocol$AbstractConnectionHandler.process(AbstractProtocol.java:673) [tomcat-embed-core-8.0.28.jar:8.0.28]
	at org.apache.tomcat.util.net.NioEndpoint$SocketProcessor.doRun(NioEndpoint.java:1500) [tomcat-embed-core-8.0.28.jar:8.0.28]
	at org.apache.tomcat.util.net.NioEndpoint$SocketProcessor.run(NioEndpoint.java:1456) [tomcat-embed-core-8.0.28.jar:8.0.28]
	at java.util.concurrent.ThreadPoolExecutor.runWorker(ThreadPoolExecutor.java:1142) [na:1.8.0_91]
	at java.util.concurrent.ThreadPoolExecutor$Worker.run(ThreadPoolExecutor.java:617) [na:1.8.0_91]
	at org.apache.tomcat.util.threads.TaskThread$WrappingRunnable.run(TaskThread.java:61) [tomcat-embed-core-8.0.28.jar:8.0.28]
	at java.lang.Thread.run(Thread.java:745) [na:1.8.0_91]
2016-09-01 21:36:29.554 [main] INFO  number.Start - Starting Start on zhoutao-PC with PID 5228 (D:\office\OSChinaWorkSpace\Number\target\classes started by zhoutao in D:\office\OSChinaWorkSpace\Number)
2016-09-01 21:36:29.560 [main] INFO  number.Start - No profiles are active
2016-09-01 21:36:29.593 [pool-1-thread-1] INFO  org.hibernate.validator.internal.util.Version - HV000001: Hibernate Validator 5.2.2.Final
2016-09-01 21:36:29.715 [main] INFO  o.s.b.c.e.AnnotationConfigEmbeddedWebApplicationContext - Refreshing org.springframework.boot.context.embedded.AnnotationConfigEmbeddedWebApplicationContext@117159c0: startup date [Thu Sep 01 21:36:29 CST 2016]; root of context hierarchy
2016-09-01 21:36:31.664 [main] INFO  o.s.b.factory.support.DefaultListableBeanFactory - Overriding bean definition for bean 'beanNameViewResolver' with a different definition: replacing [Root bean: class [null]; scope=; abstract=false; lazyInit=false; autowireMode=3; dependencyCheck=0; autowireCandidate=true; primary=false; factoryBeanName=org.springframework.boot.autoconfigure.web.ErrorMvcAutoConfiguration$WhitelabelErrorViewConfiguration; factoryMethodName=beanNameViewResolver; initMethodName=null; destroyMethodName=(inferred); defined in class path resource [org/springframework/boot/autoconfigure/web/ErrorMvcAutoConfiguration$WhitelabelErrorViewConfiguration.class]] with [Root bean: class [null]; scope=; abstract=false; lazyInit=false; autowireMode=3; dependencyCheck=0; autowireCandidate=true; primary=false; factoryBeanName=org.springframework.boot.autoconfigure.web.WebMvcAutoConfiguration$WebMvcAutoConfigurationAdapter; factoryMethodName=beanNameViewResolver; initMethodName=null; destroyMethodName=(inferred); defined in class path resource [org/springframework/boot/autoconfigure/web/WebMvcAutoConfiguration$WebMvcAutoConfigurationAdapter.class]]
2016-09-01 21:36:32.843 [main] INFO  o.s.c.s.PostProcessorRegistrationDelegate$BeanPostProcessorChecker - Bean 'org.springframework.transaction.annotation.ProxyTransactionManagementConfiguration' of type [class org.springframework.transaction.annotation.ProxyTransactionManagementConfiguration$$EnhancerBySpringCGLIB$$302ae859] is not eligible for getting processed by all BeanPostProcessors (for example: not eligible for auto-proxying)
2016-09-01 21:36:33.867 [main] INFO  o.s.b.c.e.tomcat.TomcatEmbeddedServletContainer - Tomcat initialized with port(s): 8082 (http)
2016-09-01 21:36:33.897 [main] INFO  org.apache.catalina.core.StandardService - Starting service Tomcat
2016-09-01 21:36:33.899 [main] INFO  org.apache.catalina.core.StandardEngine - Starting Servlet Engine: Apache Tomcat/8.0.28
2016-09-01 21:36:34.321 [localhost-startStop-1] INFO  org.apache.jasper.servlet.TldScanner - At least one JAR was scanned for TLDs yet contained no TLDs. Enable debug logging for this logger for a complete list of JARs that were scanned but no TLDs were found in them. Skipping unneeded JARs during scanning can improve startup time and JSP compilation time.
2016-09-01 21:36:34.326 [localhost-startStop-1] INFO  o.a.c.core.ContainerBase.[Tomcat].[localhost].[/] - Initializing Spring embedded WebApplicationContext
2016-09-01 21:36:34.326 [localhost-startStop-1] INFO  org.springframework.web.context.ContextLoader - Root WebApplicationContext: initialization completed in 4611 ms
2016-09-01 21:36:34.949 [localhost-startStop-1] INFO  o.s.boot.context.embedded.ServletRegistrationBean - Mapping servlet: 'dispatcherServlet' to [/]
2016-09-01 21:36:34.958 [localhost-startStop-1] INFO  o.s.boot.context.embedded.FilterRegistrationBean - Mapping filter: 'characterEncodingFilter' to: [/*]
2016-09-01 21:36:34.959 [localhost-startStop-1] INFO  o.s.boot.context.embedded.FilterRegistrationBean - Mapping filter: 'hiddenHttpMethodFilter' to: [/*]
2016-09-01 21:36:34.959 [localhost-startStop-1] INFO  o.s.boot.context.embedded.FilterRegistrationBean - Mapping filter: 'httpPutFormContentFilter' to: [/*]
2016-09-01 21:36:34.959 [localhost-startStop-1] INFO  o.s.boot.context.embedded.FilterRegistrationBean - Mapping filter: 'requestContextFilter' to: [/*]
2016-09-01 21:36:35.586 [main] INFO  o.s.orm.jpa.LocalContainerEntityManagerFactoryBean - Building JPA container EntityManagerFactory for persistence unit 'default'
2016-09-01 21:36:35.603 [main] INFO  org.hibernate.jpa.internal.util.LogHelper - HHH000204: Processing PersistenceUnitInfo [
	name: default
	...]
2016-09-01 21:36:35.773 [main] INFO  org.hibernate.Version - HHH000412: Hibernate Core {4.3.11.Final}
2016-09-01 21:36:35.776 [main] INFO  org.hibernate.cfg.Environment - HHH000206: hibernate.properties not found
2016-09-01 21:36:35.778 [main] INFO  org.hibernate.cfg.Environment - HHH000021: Bytecode provider name : javassist
2016-09-01 21:36:36.102 [main] INFO  org.hibernate.annotations.common.Version - HCANN000001: Hibernate Commons Annotations {4.0.5.Final}
2016-09-01 21:36:36.607 [main] INFO  org.hibernate.dialect.Dialect - HHH000400: Using dialect: org.hibernate.dialect.MySQL5Dialect
2016-09-01 21:36:36.892 [main] INFO  o.h.hql.internal.ast.ASTQueryTranslatorFactory - HHH000397: Using ASTQueryTranslatorFactory
2016-09-01 21:36:37.200 [main] INFO  org.hibernate.tool.hbm2ddl.SchemaUpdate - HHH000228: Running hbm2ddl schema update
2016-09-01 21:36:37.200 [main] INFO  org.hibernate.tool.hbm2ddl.SchemaUpdate - HHH000102: Fetching database metadata
2016-09-01 21:36:37.202 [main] INFO  org.hibernate.tool.hbm2ddl.SchemaUpdate - HHH000396: Updating schema
2016-09-01 21:36:37.227 [main] INFO  org.hibernate.tool.hbm2ddl.TableMetadata - HHH000261: Table found: number.number_of_car
2016-09-01 21:36:37.227 [main] INFO  org.hibernate.tool.hbm2ddl.TableMetadata - HHH000037: Columns: [province, city, count, county, company, id, create_date, car_type]
2016-09-01 21:36:37.228 [main] INFO  org.hibernate.tool.hbm2ddl.TableMetadata - HHH000108: Foreign keys: []
2016-09-01 21:36:37.228 [main] INFO  org.hibernate.tool.hbm2ddl.TableMetadata - HHH000126: Indexes: [primary]
2016-09-01 21:36:37.229 [main] INFO  org.hibernate.tool.hbm2ddl.SchemaUpdate - HHH000232: Schema update complete
2016-09-01 21:36:38.102 [main] INFO  o.s.w.s.m.m.a.RequestMappingHandlerAdapter - Looking for @ControllerAdvice: org.springframework.boot.context.embedded.AnnotationConfigEmbeddedWebApplicationContext@117159c0: startup date [Thu Sep 01 21:36:29 CST 2016]; root of context hierarchy
2016-09-01 21:36:38.239 [main] INFO  o.s.w.s.m.m.a.RequestMappingHandlerMapping - Mapped "{[/save.do]}" onto public java.lang.String number.controller.NumberOfCarController.save(java.lang.String,java.lang.String,java.lang.String,java.lang.String,int)
2016-09-01 21:36:38.240 [main] INFO  o.s.w.s.m.m.a.RequestMappingHandlerMapping - Mapped "{[/login]}" onto public java.lang.String number.controller.NumberOfCarController.login(javax.servlet.http.HttpServletRequest)
2016-09-01 21:36:38.241 [main] INFO  o.s.w.s.m.m.a.RequestMappingHandlerMapping - Mapped "{[/findByAll.do]}" onto public java.lang.String number.controller.NumberOfCarController.findData(java.lang.String,java.lang.String,java.lang.String,java.lang.String)
2016-09-01 21:36:38.243 [main] INFO  o.s.w.s.m.m.a.RequestMappingHandlerMapping - Mapped "{[/findCompany.do]}" onto public java.lang.String number.controller.NumberOfCarController.findCompany(java.lang.String,java.lang.String,java.lang.String)
2016-09-01 21:36:38.249 [main] INFO  o.s.w.s.m.m.a.RequestMappingHandlerMapping - Mapped "{[/error]}" onto public org.springframework.http.ResponseEntity<java.util.Map<java.lang.String, java.lang.Object>> org.springframework.boot.autoconfigure.web.BasicErrorController.error(javax.servlet.http.HttpServletRequest)
2016-09-01 21:36:38.250 [main] INFO  o.s.w.s.m.m.a.RequestMappingHandlerMapping - Mapped "{[/error],produces=[text/html]}" onto public org.springframework.web.servlet.ModelAndView org.springframework.boot.autoconfigure.web.BasicErrorController.errorHtml(javax.servlet.http.HttpServletRequest)
2016-09-01 21:36:38.326 [main] INFO  o.s.web.servlet.handler.SimpleUrlHandlerMapping - Mapped URL path [/webjars/**] onto handler of type [class org.springframework.web.servlet.resource.ResourceHttpRequestHandler]
2016-09-01 21:36:38.326 [main] INFO  o.s.web.servlet.handler.SimpleUrlHandlerMapping - Mapped URL path [/**] onto handler of type [class org.springframework.web.servlet.resource.ResourceHttpRequestHandler]
2016-09-01 21:36:38.411 [main] INFO  o.s.web.servlet.handler.SimpleUrlHandlerMapping - Mapped URL path [/**/favicon.ico] onto handler of type [class org.springframework.web.servlet.resource.ResourceHttpRequestHandler]
2016-09-01 21:36:39.056 [main] INFO  o.s.jmx.export.annotation.AnnotationMBeanExporter - Registering beans for JMX exposure on startup
2016-09-01 21:36:39.111 [main] INFO  org.apache.coyote.http11.Http11NioProtocol - Initializing ProtocolHandler ["http-nio-8082"]
2016-09-01 21:36:39.130 [main] INFO  org.apache.coyote.http11.Http11NioProtocol - Starting ProtocolHandler ["http-nio-8082"]
2016-09-01 21:36:39.152 [main] INFO  org.apache.tomcat.util.net.NioSelectorPool - Using a shared selector for servlet write/read
2016-09-01 21:36:39.230 [main] INFO  o.s.b.c.e.tomcat.TomcatEmbeddedServletContainer - Tomcat started on port(s): 8082 (http)
2016-09-01 21:36:39.241 [main] INFO  number.Start - Started Start in 10.61 seconds (JVM running for 11.329)
2016-09-01 21:36:42.692 [http-nio-8082-exec-1] INFO  o.a.c.core.ContainerBase.[Tomcat].[localhost].[/] - Initializing Spring FrameworkServlet 'dispatcherServlet'
2016-09-01 21:36:42.693 [http-nio-8082-exec-1] INFO  org.springframework.web.servlet.DispatcherServlet - FrameworkServlet 'dispatcherServlet': initialization started
2016-09-01 21:36:42.712 [http-nio-8082-exec-1] INFO  org.springframework.web.servlet.DispatcherServlet - FrameworkServlet 'dispatcherServlet': initialization completed in 19 ms
2016-09-01 21:58:12.049 [main] INFO  number.Start - Starting Start on zhoutao-PC with PID 7740 (D:\office\OSChinaWorkSpace\Number\target\classes started by zhoutao in D:\office\OSChinaWorkSpace\Number)
2016-09-01 21:58:12.058 [main] INFO  number.Start - No profiles are active
2016-09-01 21:58:12.117 [pool-1-thread-1] INFO  org.hibernate.validator.internal.util.Version - HV000001: Hibernate Validator 5.2.2.Final
2016-09-01 21:58:12.212 [main] INFO  o.s.b.c.e.AnnotationConfigEmbeddedWebApplicationContext - Refreshing org.springframework.boot.context.embedded.AnnotationConfigEmbeddedWebApplicationContext@16612a51: startup date [Thu Sep 01 21:58:12 CST 2016]; root of context hierarchy
2016-09-01 21:58:13.953 [main] INFO  o.s.b.factory.support.DefaultListableBeanFactory - Overriding bean definition for bean 'beanNameViewResolver' with a different definition: replacing [Root bean: class [null]; scope=; abstract=false; lazyInit=false; autowireMode=3; dependencyCheck=0; autowireCandidate=true; primary=false; factoryBeanName=org.springframework.boot.autoconfigure.web.ErrorMvcAutoConfiguration$WhitelabelErrorViewConfiguration; factoryMethodName=beanNameViewResolver; initMethodName=null; destroyMethodName=(inferred); defined in class path resource [org/springframework/boot/autoconfigure/web/ErrorMvcAutoConfiguration$WhitelabelErrorViewConfiguration.class]] with [Root bean: class [null]; scope=; abstract=false; lazyInit=false; autowireMode=3; dependencyCheck=0; autowireCandidate=true; primary=false; factoryBeanName=org.springframework.boot.autoconfigure.web.WebMvcAutoConfiguration$WebMvcAutoConfigurationAdapter; factoryMethodName=beanNameViewResolver; initMethodName=null; destroyMethodName=(inferred); defined in class path resource [org/springframework/boot/autoconfigure/web/WebMvcAutoConfiguration$WebMvcAutoConfigurationAdapter.class]]
2016-09-01 21:58:15.176 [main] INFO  o.s.c.s.PostProcessorRegistrationDelegate$BeanPostProcessorChecker - Bean 'org.springframework.transaction.annotation.ProxyTransactionManagementConfiguration' of type [class org.springframework.transaction.annotation.ProxyTransactionManagementConfiguration$$EnhancerBySpringCGLIB$$dac5e178] is not eligible for getting processed by all BeanPostProcessors (for example: not eligible for auto-proxying)
2016-09-01 21:58:16.252 [main] INFO  o.s.b.c.e.tomcat.TomcatEmbeddedServletContainer - Tomcat initialized with port(s): 8082 (http)
2016-09-01 21:58:16.277 [main] INFO  org.apache.catalina.core.StandardService - Starting service Tomcat
2016-09-01 21:58:16.279 [main] INFO  org.apache.catalina.core.StandardEngine - Starting Servlet Engine: Apache Tomcat/8.0.28
2016-09-01 21:58:16.747 [localhost-startStop-1] INFO  org.apache.jasper.servlet.TldScanner - At least one JAR was scanned for TLDs yet contained no TLDs. Enable debug logging for this logger for a complete list of JARs that were scanned but no TLDs were found in them. Skipping unneeded JARs during scanning can improve startup time and JSP compilation time.
2016-09-01 21:58:16.759 [localhost-startStop-1] INFO  o.a.c.core.ContainerBase.[Tomcat].[localhost].[/] - Initializing Spring embedded WebApplicationContext
2016-09-01 21:58:16.759 [localhost-startStop-1] INFO  org.springframework.web.context.ContextLoader - Root WebApplicationContext: initialization completed in 4547 ms
2016-09-01 21:58:17.462 [localhost-startStop-1] INFO  o.s.boot.context.embedded.ServletRegistrationBean - Mapping servlet: 'dispatcherServlet' to [/]
2016-09-01 21:58:17.470 [localhost-startStop-1] INFO  o.s.boot.context.embedded.FilterRegistrationBean - Mapping filter: 'characterEncodingFilter' to: [/*]
2016-09-01 21:58:17.471 [localhost-startStop-1] INFO  o.s.boot.context.embedded.FilterRegistrationBean - Mapping filter: 'hiddenHttpMethodFilter' to: [/*]
2016-09-01 21:58:17.471 [localhost-startStop-1] INFO  o.s.boot.context.embedded.FilterRegistrationBean - Mapping filter: 'httpPutFormContentFilter' to: [/*]
2016-09-01 21:58:17.471 [localhost-startStop-1] INFO  o.s.boot.context.embedded.FilterRegistrationBean - Mapping filter: 'requestContextFilter' to: [/*]
2016-09-01 21:58:18.058 [main] INFO  o.s.orm.jpa.LocalContainerEntityManagerFactoryBean - Building JPA container EntityManagerFactory for persistence unit 'default'
2016-09-01 21:58:18.074 [main] INFO  org.hibernate.jpa.internal.util.LogHelper - HHH000204: Processing PersistenceUnitInfo [
	name: default
	...]
2016-09-01 21:58:18.210 [main] INFO  org.hibernate.Version - HHH000412: Hibernate Core {4.3.11.Final}
2016-09-01 21:58:18.213 [main] INFO  org.hibernate.cfg.Environment - HHH000206: hibernate.properties not found
2016-09-01 21:58:18.216 [main] INFO  org.hibernate.cfg.Environment - HHH000021: Bytecode provider name : javassist
2016-09-01 21:58:18.670 [main] INFO  org.hibernate.annotations.common.Version - HCANN000001: Hibernate Commons Annotations {4.0.5.Final}
2016-09-01 21:58:19.195 [main] INFO  org.hibernate.dialect.Dialect - HHH000400: Using dialect: org.hibernate.dialect.MySQL5Dialect
2016-09-01 21:58:19.511 [main] INFO  o.h.hql.internal.ast.ASTQueryTranslatorFactory - HHH000397: Using ASTQueryTranslatorFactory
2016-09-01 21:58:19.820 [main] INFO  org.hibernate.tool.hbm2ddl.SchemaUpdate - HHH000228: Running hbm2ddl schema update
2016-09-01 21:58:19.821 [main] INFO  org.hibernate.tool.hbm2ddl.SchemaUpdate - HHH000102: Fetching database metadata
2016-09-01 21:58:19.824 [main] INFO  org.hibernate.tool.hbm2ddl.SchemaUpdate - HHH000396: Updating schema
2016-09-01 21:58:19.851 [main] INFO  org.hibernate.tool.hbm2ddl.TableMetadata - HHH000261: Table found: number.number_of_car
2016-09-01 21:58:19.851 [main] INFO  org.hibernate.tool.hbm2ddl.TableMetadata - HHH000037: Columns: [province, city, count, county, company, id, create_date, car_type]
2016-09-01 21:58:19.851 [main] INFO  org.hibernate.tool.hbm2ddl.TableMetadata - HHH000108: Foreign keys: []
2016-09-01 21:58:19.852 [main] INFO  org.hibernate.tool.hbm2ddl.TableMetadata - HHH000126: Indexes: [primary]
2016-09-01 21:58:19.853 [main] INFO  org.hibernate.tool.hbm2ddl.SchemaUpdate - HHH000232: Schema update complete
2016-09-01 21:58:20.695 [main] INFO  o.s.w.s.m.m.a.RequestMappingHandlerAdapter - Looking for @ControllerAdvice: org.springframework.boot.context.embedded.AnnotationConfigEmbeddedWebApplicationContext@16612a51: startup date [Thu Sep 01 21:58:12 CST 2016]; root of context hierarchy
2016-09-01 21:58:20.844 [main] INFO  o.s.w.s.m.m.a.RequestMappingHandlerMapping - Mapped "{[/delete.do]}" onto public java.lang.String number.controller.NumberOfCarController.delete(long)
2016-09-01 21:58:20.846 [main] INFO  o.s.w.s.m.m.a.RequestMappingHandlerMapping - Mapped "{[/save.do]}" onto public java.lang.String number.controller.NumberOfCarController.save(java.lang.String,java.lang.String,java.lang.String,java.lang.String,int)
2016-09-01 21:58:20.846 [main] INFO  o.s.w.s.m.m.a.RequestMappingHandlerMapping - Mapped "{[/login]}" onto public java.lang.String number.controller.NumberOfCarController.login(javax.servlet.http.HttpServletRequest)
2016-09-01 21:58:20.846 [main] INFO  o.s.w.s.m.m.a.RequestMappingHandlerMapping - Mapped "{[/modify.do]}" onto public java.lang.String number.controller.NumberOfCarController.modify(long,int)
2016-09-01 21:58:20.847 [main] INFO  o.s.w.s.m.m.a.RequestMappingHandlerMapping - Mapped "{[/findByAll.do]}" onto public java.lang.String number.controller.NumberOfCarController.findData(java.lang.String,java.lang.String,java.lang.String,java.lang.String)
2016-09-01 21:58:20.847 [main] INFO  o.s.w.s.m.m.a.RequestMappingHandlerMapping - Mapped "{[/findCompany.do]}" onto public java.lang.String number.controller.NumberOfCarController.findCompany(java.lang.String,java.lang.String,java.lang.String)
2016-09-01 21:58:20.851 [main] INFO  o.s.w.s.m.m.a.RequestMappingHandlerMapping - Mapped "{[/error]}" onto public org.springframework.http.ResponseEntity<java.util.Map<java.lang.String, java.lang.Object>> org.springframework.boot.autoconfigure.web.BasicErrorController.error(javax.servlet.http.HttpServletRequest)
2016-09-01 21:58:20.852 [main] INFO  o.s.w.s.m.m.a.RequestMappingHandlerMapping - Mapped "{[/error],produces=[text/html]}" onto public org.springframework.web.servlet.ModelAndView org.springframework.boot.autoconfigure.web.BasicErrorController.errorHtml(javax.servlet.http.HttpServletRequest)
2016-09-01 21:58:20.928 [main] INFO  o.s.web.servlet.handler.SimpleUrlHandlerMapping - Mapped URL path [/webjars/**] onto handler of type [class org.springframework.web.servlet.resource.ResourceHttpRequestHandler]
2016-09-01 21:58:20.928 [main] INFO  o.s.web.servlet.handler.SimpleUrlHandlerMapping - Mapped URL path [/**] onto handler of type [class org.springframework.web.servlet.resource.ResourceHttpRequestHandler]
2016-09-01 21:58:21.003 [main] INFO  o.s.web.servlet.handler.SimpleUrlHandlerMapping - Mapped URL path [/**/favicon.ico] onto handler of type [class org.springframework.web.servlet.resource.ResourceHttpRequestHandler]
2016-09-01 21:58:21.633 [main] INFO  o.s.jmx.export.annotation.AnnotationMBeanExporter - Registering beans for JMX exposure on startup
2016-09-01 21:58:21.689 [main] INFO  org.apache.coyote.http11.Http11NioProtocol - Initializing ProtocolHandler ["http-nio-8082"]
2016-09-01 21:58:21.707 [main] INFO  org.apache.coyote.http11.Http11NioProtocol - Starting ProtocolHandler ["http-nio-8082"]
2016-09-01 21:58:21.728 [main] INFO  org.apache.tomcat.util.net.NioSelectorPool - Using a shared selector for servlet write/read
2016-09-01 21:58:21.788 [main] INFO  o.s.b.c.e.tomcat.TomcatEmbeddedServletContainer - Tomcat started on port(s): 8082 (http)
2016-09-01 21:58:21.795 [main] INFO  number.Start - Started Start in 10.67 seconds (JVM running for 11.365)
2016-09-01 21:58:43.759 [http-nio-8082-exec-1] INFO  o.a.c.core.ContainerBase.[Tomcat].[localhost].[/] - Initializing Spring FrameworkServlet 'dispatcherServlet'
2016-09-01 21:58:43.760 [http-nio-8082-exec-1] INFO  org.springframework.web.servlet.DispatcherServlet - FrameworkServlet 'dispatcherServlet': initialization started
2016-09-01 21:58:43.783 [http-nio-8082-exec-1] INFO  org.springframework.web.servlet.DispatcherServlet - FrameworkServlet 'dispatcherServlet': initialization completed in 23 ms
