2016-03-21 16:22:31.643 [main] INFO  startApp.Start - Starting Start on ÷‹ÃŒ-PC with PID 5116 (started by ÷‹ÃŒ in C:\Users\÷‹ÃŒ\workspace\test1)
2016-03-21 16:22:31.680 [main] INFO  startApp.Start - The following profiles are active: @profileActive@
2016-03-21 16:22:31.958 [main] INFO  o.s.b.c.e.AnnotationConfigEmbeddedWebApplicationContext - Refreshing org.springframework.boot.context.embedded.AnnotationConfigEmbeddedWebApplicationContext@40b76e: startup date [Mon Mar 21 16:22:31 CST 2016]; root of context hierarchy
2016-03-21 16:22:32.528 [pool-1-thread-1] INFO  org.hibernate.validator.internal.util.Version - HV000001: Hibernate Validator 5.2.2.Final
2016-03-21 16:22:34.610 [main] INFO  o.s.b.factory.support.DefaultListableBeanFactory - Overriding bean definition for bean 'beanNameViewResolver' with a different definition: replacing [Root bean: class [null]; scope=; abstract=false; lazyInit=false; autowireMode=3; dependencyCheck=0; autowireCandidate=true; primary=false; factoryBeanName=org.springframework.boot.autoconfigure.web.ErrorMvcAutoConfiguration$WhitelabelErrorViewConfiguration; factoryMethodName=beanNameViewResolver; initMethodName=null; destroyMethodName=(inferred); defined in class path resource [org/springframework/boot/autoconfigure/web/ErrorMvcAutoConfiguration$WhitelabelErrorViewConfiguration.class]] with [Root bean: class [null]; scope=; abstract=false; lazyInit=false; autowireMode=3; dependencyCheck=0; autowireCandidate=true; primary=false; factoryBeanName=org.springframework.boot.autoconfigure.web.WebMvcAutoConfiguration$WebMvcAutoConfigurationAdapter; factoryMethodName=beanNameViewResolver; initMethodName=null; destroyMethodName=(inferred); defined in class path resource [org/springframework/boot/autoconfigure/web/WebMvcAutoConfiguration$WebMvcAutoConfigurationAdapter.class]]
2016-03-21 16:22:36.932 [main] INFO  o.s.c.s.PostProcessorRegistrationDelegate$BeanPostProcessorChecker - Bean 'org.springframework.transaction.annotation.ProxyTransactionManagementConfiguration' of type [class org.springframework.transaction.annotation.ProxyTransactionManagementConfiguration$$EnhancerBySpringCGLIB$$bf019ee9] is not eligible for getting processed by all BeanPostProcessors (for example: not eligible for auto-proxying)
2016-03-21 16:22:40.165 [main] INFO  o.s.b.c.e.tomcat.TomcatEmbeddedServletContainer - Tomcat initialized with port(s): 8080 (http)
2016-03-21 16:22:40.252 [main] INFO  org.apache.catalina.core.StandardService - Starting service Tomcat
2016-03-21 16:22:40.253 [main] INFO  org.apache.catalina.core.StandardEngine - Starting Servlet Engine: Apache Tomcat/8.0.28
2016-03-21 16:22:40.470 [localhost-startStop-1] INFO  o.a.c.core.ContainerBase.[Tomcat].[localhost].[/] - Initializing Spring embedded WebApplicationContext
2016-03-21 16:22:40.470 [localhost-startStop-1] INFO  org.springframework.web.context.ContextLoader - Root WebApplicationContext: initialization completed in 8512 ms
2016-03-21 16:22:40.994 [localhost-startStop-1] INFO  o.s.boot.context.embedded.ServletRegistrationBean - Mapping servlet: 'dispatcherServlet' to [/]
2016-03-21 16:22:41.056 [localhost-startStop-1] INFO  o.s.boot.context.embedded.FilterRegistrationBean - Mapping filter: 'characterEncodingFilter' to: [/*]
2016-03-21 16:22:41.058 [localhost-startStop-1] INFO  o.s.boot.context.embedded.FilterRegistrationBean - Mapping filter: 'hiddenHttpMethodFilter' to: [/*]
2016-03-21 16:22:41.058 [localhost-startStop-1] INFO  o.s.boot.context.embedded.FilterRegistrationBean - Mapping filter: 'httpPutFormContentFilter' to: [/*]
2016-03-21 16:22:41.058 [localhost-startStop-1] INFO  o.s.boot.context.embedded.FilterRegistrationBean - Mapping filter: 'requestContextFilter' to: [/*]
2016-03-21 16:22:41.588 [main] INFO  o.s.orm.jpa.LocalContainerEntityManagerFactoryBean - Building JPA container EntityManagerFactory for persistence unit 'default'
2016-03-21 16:22:41.613 [main] INFO  org.hibernate.jpa.internal.util.LogHelper - HHH000204: Processing PersistenceUnitInfo [
	name: default
	...]
2016-03-21 16:22:41.880 [main] INFO  org.hibernate.Version - HHH000412: Hibernate Core {4.3.11.Final}
2016-03-21 16:22:41.883 [main] INFO  org.hibernate.cfg.Environment - HHH000206: hibernate.properties not found
2016-03-21 16:22:41.887 [main] INFO  org.hibernate.cfg.Environment - HHH000021: Bytecode provider name : javassist
2016-03-21 16:22:42.240 [main] INFO  org.hibernate.annotations.common.Version - HCANN000001: Hibernate Commons Annotations {4.0.5.Final}
2016-03-21 16:22:43.162 [main] INFO  org.hibernate.dialect.Dialect - HHH000400: Using dialect: org.hibernate.dialect.MySQL5Dialect
2016-03-21 16:22:43.251 [main] INFO  o.h.hql.internal.ast.ASTQueryTranslatorFactory - HHH000397: Using ASTQueryTranslatorFactory
2016-03-21 16:22:43.487 [main] INFO  org.hibernate.tool.hbm2ddl.SchemaUpdate - HHH000228: Running hbm2ddl schema update
2016-03-21 16:22:43.487 [main] INFO  org.hibernate.tool.hbm2ddl.SchemaUpdate - HHH000102: Fetching database metadata
2016-03-21 16:22:43.489 [main] INFO  org.hibernate.tool.hbm2ddl.SchemaUpdate - HHH000396: Updating schema
2016-03-21 16:22:43.490 [main] INFO  org.hibernate.tool.hbm2ddl.SchemaUpdate - HHH000232: Schema update complete
2016-03-21 16:22:43.910 [main] INFO  o.s.w.s.m.m.a.RequestMappingHandlerAdapter - Looking for @ControllerAdvice: org.springframework.boot.context.embedded.AnnotationConfigEmbeddedWebApplicationContext@40b76e: startup date [Mon Mar 21 16:22:31 CST 2016]; root of context hierarchy
2016-03-21 16:22:44.009 [main] INFO  o.s.w.s.m.m.a.RequestMappingHandlerMapping - Mapped "{[/]}" onto java.lang.String startApp.Start.home()
2016-03-21 16:22:44.012 [main] INFO  o.s.w.s.m.m.a.RequestMappingHandlerMapping - Mapped "{[/error]}" onto public org.springframework.http.ResponseEntity<java.util.Map<java.lang.String, java.lang.Object>> org.springframework.boot.autoconfigure.web.BasicErrorController.error(javax.servlet.http.HttpServletRequest)
2016-03-21 16:22:44.012 [main] INFO  o.s.w.s.m.m.a.RequestMappingHandlerMapping - Mapped "{[/error],produces=[text/html]}" onto public org.springframework.web.servlet.ModelAndView org.springframework.boot.autoconfigure.web.BasicErrorController.errorHtml(javax.servlet.http.HttpServletRequest)
2016-03-21 16:22:44.036 [main] INFO  o.s.web.servlet.handler.SimpleUrlHandlerMapping - Mapped URL path [/webjars/**] onto handler of type [class org.springframework.web.servlet.resource.ResourceHttpRequestHandler]
2016-03-21 16:22:44.037 [main] INFO  o.s.web.servlet.handler.SimpleUrlHandlerMapping - Mapped URL path [/**] onto handler of type [class org.springframework.web.servlet.resource.ResourceHttpRequestHandler]
2016-03-21 16:22:44.073 [main] INFO  o.s.web.servlet.handler.SimpleUrlHandlerMapping - Mapped URL path [/**/favicon.ico] onto handler of type [class org.springframework.web.servlet.resource.ResourceHttpRequestHandler]
2016-03-21 16:22:44.495 [main] INFO  o.s.jmx.export.annotation.AnnotationMBeanExporter - Registering beans for JMX exposure on startup
2016-03-21 16:22:44.582 [main] INFO  org.apache.coyote.http11.Http11NioProtocol - Initializing ProtocolHandler ["http-nio-8080"]
2016-03-21 16:22:44.631 [main] INFO  org.apache.coyote.http11.Http11NioProtocol - Starting ProtocolHandler ["http-nio-8080"]
2016-03-21 16:22:44.746 [main] INFO  org.apache.tomcat.util.net.NioSelectorPool - Using a shared selector for servlet write/read
2016-03-21 16:22:44.781 [main] INFO  o.s.b.c.e.tomcat.TomcatEmbeddedServletContainer - Tomcat started on port(s): 8080 (http)
2016-03-21 16:22:44.785 [main] INFO  startApp.Start - Started Start in 19.023 seconds (JVM running for 22.474)
2016-03-21 16:22:57.196 [http-nio-8080-exec-1] INFO  o.a.c.core.ContainerBase.[Tomcat].[localhost].[/] - Initializing Spring FrameworkServlet 'dispatcherServlet'
2016-03-21 16:22:57.196 [http-nio-8080-exec-1] INFO  org.springframework.web.servlet.DispatcherServlet - FrameworkServlet 'dispatcherServlet': initialization started
2016-03-21 16:22:57.239 [http-nio-8080-exec-1] INFO  org.springframework.web.servlet.DispatcherServlet - FrameworkServlet 'dispatcherServlet': initialization completed in 43 ms
